
> dev
> react-router dev

  ➜  Local:   http://localhost:5173/
  ➜  Network: use --host to expose
8:14:38 AM [vite] (client) hmr update /app/routes/how-it-works.tsx, /app/app.css
8:14:38 AM [vite] (client) hmr update /app/routes/how-it-works.tsx, /app/app.css
8:14:38 AM [vite] (client) hmr update /app/routes/how-it-works.tsx, /app/app.css
8:14:38 AM [vite] (ssr) page reload app/routes/how-it-works.tsx
8:16:18 AM [vite] (client) hmr update /app/routes/how-it-works.tsx, /app/app.css
8:16:18 AM [vite] (client) hmr update /app/routes/how-it-works.tsx, /app/app.css
8:16:18 AM [vite] (client) hmr update /app/routes/how-it-works.tsx, /app/app.css
8:16:18 AM [vite] (ssr) page reload app/routes/how-it-works.tsx
8:18:13 AM [vite] (client) hmr update /app/routes/about.tsx, /app/app.css
8:18:13 AM [vite] (client) hmr update /app/routes/about.tsx, /app/app.css
8:18:13 AM [vite] (client) hmr update /app/routes/about.tsx, /app/app.css
8:18:13 AM [vite] (ssr) page reload app/routes/about.tsx
8:19:43 AM [vite] (client) hmr update /app/routes/about.tsx, /app/app.css
8:19:43 AM [vite] (client) hmr update /app/routes/about.tsx, /app/app.css
8:19:43 AM [vite] (client) hmr update /app/routes/about.tsx, /app/app.css
8:19:43 AM [vite] (ssr) page reload app/routes/about.tsx
8:21:42 AM [vite] (client) hmr update /app/routes/about.tsx, /app/app.css
8:21:42 AM [vite] (client) hmr update /app/routes/about.tsx, /app/app.css
8:21:42 AM [vite] (client) hmr update /app/routes/about.tsx, /app/app.css
8:21:42 AM [vite] (ssr) page reload app/routes/about.tsx
8:21:49 AM [vite] (client) hmr update /app/routes/about.tsx, /app/app.css
8:21:49 AM [vite] (client) hmr update /app/routes/about.tsx, /app/app.css
8:21:49 AM [vite] (client) hmr update /app/routes/about.tsx, /app/app.css
8:21:49 AM [vite] (ssr) page reload app/routes/about.tsx
8:21:49 AM [vite] (client) hmr update /app/routes/about.tsx, /app/app.css
8:21:49 AM [vite] (client) hmr update /app/routes/about.tsx, /app/app.css
8:21:49 AM [vite] (client) hmr update /app/routes/about.tsx, /app/app.css
8:21:49 AM [vite] (ssr) page reload app/routes/about.tsx
8:23:57 AM [vite] (client) hmr update /app/routes/how-it-works.tsx, /app/app.css
8:23:57 AM [vite] (client) hmr update /app/routes/how-it-works.tsx, /app/app.css
8:23:57 AM [vite] (client) hmr update /app/routes/how-it-works.tsx, /app/app.css
8:23:57 AM [vite] (ssr) page reload app/routes/how-it-works.tsx
8:26:32 AM [vite] (client) hmr update /app/routes/how-it-works.tsx, /app/app.css
8:26:32 AM [vite] (client) hmr update /app/routes/how-it-works.tsx, /app/app.css
8:26:32 AM [vite] (client) hmr update /app/routes/how-it-works.tsx, /app/app.css
8:26:32 AM [vite] (ssr) page reload app/routes/how-it-works.tsx
8:31:49 AM [vite] (client) hmr update /app/routes/about.tsx, /app/app.css
8:31:49 AM [vite] (client) hmr update /app/routes/about.tsx, /app/app.css
8:31:49 AM [vite] (client) hmr update /app/routes/about.tsx, /app/app.css
8:31:49 AM [vite] (ssr) page reload app/routes/about.tsx
8:34:01 AM [vite] (client) hmr update /app/routes/about.tsx, /app/app.css
8:34:01 AM [vite] (client) hmr update /app/routes/about.tsx, /app/app.css
8:34:01 AM [vite] (client) hmr update /app/routes/about.tsx, /app/app.css
8:34:01 AM [vite] (ssr) page reload app/routes/about.tsx
8:47:14 AM [vite] (client) hmr update /app/routes/how-it-works.tsx, /app/app.css
8:47:14 AM [vite] (client) hmr update /app/routes/how-it-works.tsx, /app/app.css
8:47:14 AM [vite] (client) hmr update /app/routes/how-it-works.tsx, /app/app.css
8:47:14 AM [vite] (ssr) page reload app/routes/how-it-works.tsx
9:03:54 AM [vite] (client) hmr update /app/routes/how-it-works.tsx, /app/app.css
9:03:54 AM [vite] (client) hmr update /app/routes/how-it-works.tsx, /app/app.css
9:03:54 AM [vite] (client) hmr update /app/routes/how-it-works.tsx, /app/app.css
9:03:54 AM [vite] (ssr) page reload app/routes/how-it-works.tsx
9:06:59 AM [vite] (client) hmr update /app/routes/how-it-works.tsx, /app/app.css
9:06:59 AM [vite] (client) hmr update /app/routes/how-it-works.tsx, /app/app.css
9:06:59 AM [vite] (client) hmr update /app/routes/how-it-works.tsx, /app/app.css
9:06:59 AM [vite] (ssr) page reload app/routes/how-it-works.tsx
9:08:16 AM [vite] (client) hmr update /app/routes/how-it-works.tsx, /app/app.css
9:08:16 AM [vite] (client) hmr update /app/routes/how-it-works.tsx, /app/app.css
9:08:16 AM [vite] (client) hmr update /app/routes/how-it-works.tsx, /app/app.css
9:08:16 AM [vite] (ssr) page reload app/routes/how-it-works.tsx
9:08:54 AM [vite] (client) hmr update /app/components/homepage/header.tsx, /app/app.css
9:08:54 AM [vite] (client) hmr update /app/components/homepage/header.tsx, /app/app.css
9:08:54 AM [vite] (client) hmr update /app/components/homepage/header.tsx, /app/app.css
9:08:54 AM [vite] (ssr) page reload app/components/homepage/header.tsx
9:09:33 AM [vite] (client) hmr update /app/components/homepage/header.tsx, /app/app.css
9:09:33 AM [vite] (client) hmr update /app/components/homepage/header.tsx, /app/app.css
9:09:33 AM [vite] (client) hmr update /app/components/homepage/header.tsx, /app/app.css
9:09:33 AM [vite] (ssr) page reload app/components/homepage/header.tsx
9:12:52 AM [vite] (client) hmr update /app/components/homepage/search-widget.tsx, /app/app.css
9:12:52 AM [vite] (client) hmr update /app/components/homepage/search-widget.tsx, /app/app.css
9:12:52 AM [vite] (client) hmr update /app/components/homepage/search-widget.tsx, /app/app.css
9:12:52 AM [vite] (ssr) page reload app/components/homepage/search-widget.tsx
9:12:58 AM [vite] (client) hmr update /app/components/homepage/hero.tsx, /app/app.css
9:12:58 AM [vite] (client) hmr update /app/components/homepage/hero.tsx, /app/app.css
9:12:58 AM [vite] (client) hmr update /app/components/homepage/hero.tsx, /app/app.css
9:12:58 AM [vite] (ssr) page reload app/components/homepage/hero.tsx
9:13:06 AM [vite] (client) hmr update /app/components/homepage/hero.tsx, /app/app.css
9:13:06 AM [vite] (client) hmr update /app/components/homepage/hero.tsx, /app/app.css
9:13:06 AM [vite] (client) hmr update /app/components/homepage/hero.tsx, /app/app.css
9:13:06 AM [vite] (ssr) page reload app/components/homepage/hero.tsx
9:15:25 AM [vite] (client) hmr update /app/components/homepage/search-widget.tsx, /app/app.css
9:15:25 AM [vite] (client) hmr update /app/components/homepage/search-widget.tsx, /app/app.css
9:15:25 AM [vite] (client) hmr update /app/components/homepage/search-widget.tsx, /app/app.css
9:15:25 AM [vite] (ssr) page reload app/components/homepage/search-widget.tsx
Error: No route matches URL "/hvac-services/phoenix/"
    at getInternalRouterError (file:///Users/john/Dev/Personal/azbusiness/node_modules/react-router/dist/development/chunk-QMGIS6GS.mjs:4514:5)
    at Object.query (file:///Users/john/Dev/Personal/azbusiness/node_modules/react-router/dist/development/chunk-QMGIS6GS.mjs:2728:19)
    at handleDocumentRequest (file:///Users/john/Dev/Personal/azbusiness/node_modules/react-router/dist/development/chunk-QMGIS6GS.mjs:11037:40)
    at requestHandler (file:///Users/john/Dev/Personal/azbusiness/node_modules/react-router/dist/development/chunk-QMGIS6GS.mjs:10952:24)
    at processTicksAndRejections (node:internal/process/task_queues:105:5)
    at nodeHandler (/Users/john/Dev/Personal/azbusiness/node_modules/@react-router/dev/dist/vite.js:3335:30)
    at /Users/john/Dev/Personal/azbusiness/node_modules/@react-router/dev/dist/vite.js:3341:17
No routes matched location "/hvac-services/phoenix/" 
9:25:20 AM [react-router] Config changed.
9:25:20 AM [vite] (client) page reload /Users/john/Dev/Personal/azbusiness/app/routes.ts
9:25:20 AM [vite] (client) page reload /Users/john/Dev/Personal/azbusiness/app/routes.ts
9:25:20 AM [vite] (client) page reload app/routes.ts
9:25:20 AM [vite] (ssr) page reload app/routes.ts
9:25:20 AM [vite] (ssr) Error when evaluating SSR module virtual:react-router/server-build: Could not resolve module ID for /app/routes/[$category].[$city].tsx
      at resolveId (/Users/john/Dev/Personal/azbusiness/node_modules/@react-router/dev/dist/vite.js:2486:24)
      at async Promise.all (index 0)
      at compileRouteFile (/Users/john/Dev/Personal/azbusiness/node_modules/@react-router/dev/dist/vite.js:2489:20)
      at getRouteModuleExports (/Users/john/Dev/Personal/azbusiness/node_modules/@react-router/dev/dist/vite.js:2502:14)
      at /Users/john/Dev/Personal/azbusiness/node_modules/@react-router/dev/dist/vite.js:2466:27
      at async Promise.all (index 11)
      at getRouteManifestModuleExports (/Users/john/Dev/Personal/azbusiness/node_modules/@react-router/dev/dist/vite.js:2464:17)
      at getReactRouterManifestForDev (/Users/john/Dev/Personal/azbusiness/node_modules/@react-router/dev/dist/vite.js:2874:32)
      at LoadPluginContext.load (/Users/john/Dev/Personal/azbusiness/node_modules/@react-router/dev/dist/vite.js:3613:45)
      at EnvironmentPluginContainer.load (file:///Users/john/Dev/Personal/azbusiness/node_modules/vite/dist/node/chunks/dep-DBxKXgDP.js:42264:22)
      at loadAndTransform (file:///Users/john/Dev/Personal/azbusiness/node_modules/vite/dist/node/chunks/dep-DBxKXgDP.js:35669:22)
      at fetchModule (file:///Users/john/Dev/Personal/azbusiness/node_modules/vite/dist/node/chunks/dep-DBxKXgDP.js:46829:16)
      at handleInvoke (file:///Users/john/Dev/Personal/azbusiness/node_modules/vite/dist/node/chunks/dep-DBxKXgDP.js:38973:22)
      at EventEmitter.listenerForInvokeHandler (file:///Users/john/Dev/Personal/azbusiness/node_modules/vite/dist/node/chunks/dep-DBxKXgDP.js:39046:19)
9:25:20 AM [vite] Internal server error: Could not resolve module ID for /app/routes/[$category].[$city].tsx
      at resolveId (/Users/john/Dev/Personal/azbusiness/node_modules/@react-router/dev/dist/vite.js:2486:24)
      at async Promise.all (index 0)
      at compileRouteFile (/Users/john/Dev/Personal/azbusiness/node_modules/@react-router/dev/dist/vite.js:2489:20)
      at getRouteModuleExports (/Users/john/Dev/Personal/azbusiness/node_modules/@react-router/dev/dist/vite.js:2502:14)
      at /Users/john/Dev/Personal/azbusiness/node_modules/@react-router/dev/dist/vite.js:2466:27
      at async Promise.all (index 11)
      at getRouteManifestModuleExports (/Users/john/Dev/Personal/azbusiness/node_modules/@react-router/dev/dist/vite.js:2464:17)
      at getReactRouterManifestForDev (/Users/john/Dev/Personal/azbusiness/node_modules/@react-router/dev/dist/vite.js:2874:32)
      at LoadPluginContext.load (/Users/john/Dev/Personal/azbusiness/node_modules/@react-router/dev/dist/vite.js:3613:45)
      at EnvironmentPluginContainer.load (file:///Users/john/Dev/Personal/azbusiness/node_modules/vite/dist/node/chunks/dep-DBxKXgDP.js:42264:22)
      at loadAndTransform (file:///Users/john/Dev/Personal/azbusiness/node_modules/vite/dist/node/chunks/dep-DBxKXgDP.js:35669:22)
      at fetchModule (file:///Users/john/Dev/Personal/azbusiness/node_modules/vite/dist/node/chunks/dep-DBxKXgDP.js:46829:16)
      at handleInvoke (file:///Users/john/Dev/Personal/azbusiness/node_modules/vite/dist/node/chunks/dep-DBxKXgDP.js:38973:22)
      at EventEmitter.listenerForInvokeHandler (file:///Users/john/Dev/Personal/azbusiness/node_modules/vite/dist/node/chunks/dep-DBxKXgDP.js:39046:19)
9:25:20 AM [vite] Internal server error: Could not resolve module ID for /app/routes/[$category].[$city].tsx
      at resolveId (/Users/john/Dev/Personal/azbusiness/node_modules/@react-router/dev/dist/vite.js:2486:24)
      at async Promise.all (index 0)
      at compileRouteFile (/Users/john/Dev/Personal/azbusiness/node_modules/@react-router/dev/dist/vite.js:2489:20)
      at getRouteModuleExports (/Users/john/Dev/Personal/azbusiness/node_modules/@react-router/dev/dist/vite.js:2502:14)
      at /Users/john/Dev/Personal/azbusiness/node_modules/@react-router/dev/dist/vite.js:2466:27
      at async Promise.all (index 11)
      at getRouteManifestModuleExports (/Users/john/Dev/Personal/azbusiness/node_modules/@react-router/dev/dist/vite.js:2464:17)
      at getReactRouterManifestForDev (/Users/john/Dev/Personal/azbusiness/node_modules/@react-router/dev/dist/vite.js:2874:32)
      at LoadPluginContext.load (/Users/john/Dev/Personal/azbusiness/node_modules/@react-router/dev/dist/vite.js:3613:45)
      at EnvironmentPluginContainer.load (file:///Users/john/Dev/Personal/azbusiness/node_modules/vite/dist/node/chunks/dep-DBxKXgDP.js:42264:22)
      at loadAndTransform (file:///Users/john/Dev/Personal/azbusiness/node_modules/vite/dist/node/chunks/dep-DBxKXgDP.js:35669:22)
      at fetchModule (file:///Users/john/Dev/Personal/azbusiness/node_modules/vite/dist/node/chunks/dep-DBxKXgDP.js:46829:16)
      at handleInvoke (file:///Users/john/Dev/Personal/azbusiness/node_modules/vite/dist/node/chunks/dep-DBxKXgDP.js:38973:22)
      at EventEmitter.listenerForInvokeHandler (file:///Users/john/Dev/Personal/azbusiness/node_modules/vite/dist/node/chunks/dep-DBxKXgDP.js:39046:19)
9:25:46 AM [react-router] Config changed.
9:26:55 AM [react-router] Config changed.
9:27:25 AM [vite] (client) hmr update /app/components/homepage/search-widget.tsx, /app/app.css
9:27:25 AM [vite] (client) hmr update /app/components/homepage/search-widget.tsx, /app/app.css
9:27:25 AM [vite] (client) hmr update /app/components/homepage/search-widget.tsx, /app/app.css
9:27:25 AM [vite] (ssr) page reload app/components/homepage/search-widget.tsx
9:27:25 AM [vite] (ssr) Error when evaluating SSR module virtual:react-router/server-build: There is a new version of the pre-bundle for "/Users/john/Dev/Personal/azbusiness/app/routes/[$category].[$city].tsx", a page reload is going to ask for it.
  Plugin: vite:import-analysis
  File: /Users/john/Dev/Personal/azbusiness/app/routes/[$category].[$city].tsx
      at throwOutdatedRequest (file:///Users/john/Dev/Personal/azbusiness/node_modules/vite/dist/node/chunks/dep-DBxKXgDP.js:16436:15)
      at TransformPluginContext.transform (file:///Users/john/Dev/Personal/azbusiness/node_modules/vite/dist/node/chunks/dep-DBxKXgDP.js:40431:9)
      at processTicksAndRejections (node:internal/process/task_queues:105:5)
      at EnvironmentPluginContainer.transform (file:///Users/john/Dev/Personal/azbusiness/node_modules/vite/dist/node/chunks/dep-DBxKXgDP.js:42294:18)
      at compileRouteFile (/Users/john/Dev/Personal/azbusiness/node_modules/@react-router/dev/dist/vite.js:2495:21)
      at getRouteModuleExports (/Users/john/Dev/Personal/azbusiness/node_modules/@react-router/dev/dist/vite.js:2502:14)
      at /Users/john/Dev/Personal/azbusiness/node_modules/@react-router/dev/dist/vite.js:2466:27
      at async Promise.all (index 11)
      at getRouteManifestModuleExports (/Users/john/Dev/Personal/azbusiness/node_modules/@react-router/dev/dist/vite.js:2464:17)
      at getReactRouterManifestForDev (/Users/john/Dev/Personal/azbusiness/node_modules/@react-router/dev/dist/vite.js:2874:32)
      at LoadPluginContext.load (/Users/john/Dev/Personal/azbusiness/node_modules/@react-router/dev/dist/vite.js:3613:45)
      at EnvironmentPluginContainer.load (file:///Users/john/Dev/Personal/azbusiness/node_modules/vite/dist/node/chunks/dep-DBxKXgDP.js:42264:22)
      at loadAndTransform (file:///Users/john/Dev/Personal/azbusiness/node_modules/vite/dist/node/chunks/dep-DBxKXgDP.js:35669:22)
      at fetchModule (file:///Users/john/Dev/Personal/azbusiness/node_modules/vite/dist/node/chunks/dep-DBxKXgDP.js:46829:16)
      at handleInvoke (file:///Users/john/Dev/Personal/azbusiness/node_modules/vite/dist/node/chunks/dep-DBxKXgDP.js:38973:22)
      at EventEmitter.listenerForInvokeHandler (file:///Users/john/Dev/Personal/azbusiness/node_modules/vite/dist/node/chunks/dep-DBxKXgDP.js:39046:19)
9:27:25 AM [vite] (ssr) Error when evaluating SSR module virtual:react-router/server-build: There is a new version of the pre-bundle for "/Users/john/Dev/Personal/azbusiness/app/routes/[$category].[$city].tsx", a page reload is going to ask for it.
  Plugin: vite:import-analysis
  File: /Users/john/Dev/Personal/azbusiness/app/routes/[$category].[$city].tsx
      at throwOutdatedRequest (file:///Users/john/Dev/Personal/azbusiness/node_modules/vite/dist/node/chunks/dep-DBxKXgDP.js:16436:15)
      at TransformPluginContext.transform (file:///Users/john/Dev/Personal/azbusiness/node_modules/vite/dist/node/chunks/dep-DBxKXgDP.js:40431:9)
      at processTicksAndRejections (node:internal/process/task_queues:105:5)
      at EnvironmentPluginContainer.transform (file:///Users/john/Dev/Personal/azbusiness/node_modules/vite/dist/node/chunks/dep-DBxKXgDP.js:42294:18)
      at compileRouteFile (/Users/john/Dev/Personal/azbusiness/node_modules/@react-router/dev/dist/vite.js:2495:21)
      at getRouteModuleExports (/Users/john/Dev/Personal/azbusiness/node_modules/@react-router/dev/dist/vite.js:2502:14)
      at /Users/john/Dev/Personal/azbusiness/node_modules/@react-router/dev/dist/vite.js:2466:27
      at async Promise.all (index 11)
      at getRouteManifestModuleExports (/Users/john/Dev/Personal/azbusiness/node_modules/@react-router/dev/dist/vite.js:2464:17)
      at getReactRouterManifestForDev (/Users/john/Dev/Personal/azbusiness/node_modules/@react-router/dev/dist/vite.js:2874:32)
      at LoadPluginContext.load (/Users/john/Dev/Personal/azbusiness/node_modules/@react-router/dev/dist/vite.js:3613:45)
      at EnvironmentPluginContainer.load (file:///Users/john/Dev/Personal/azbusiness/node_modules/vite/dist/node/chunks/dep-DBxKXgDP.js:42264:22)
      at loadAndTransform (file:///Users/john/Dev/Personal/azbusiness/node_modules/vite/dist/node/chunks/dep-DBxKXgDP.js:35669:22)
      at fetchModule (file:///Users/john/Dev/Personal/azbusiness/node_modules/vite/dist/node/chunks/dep-DBxKXgDP.js:46829:16)
      at handleInvoke (file:///Users/john/Dev/Personal/azbusiness/node_modules/vite/dist/node/chunks/dep-DBxKXgDP.js:38973:22)
      at EventEmitter.listenerForInvokeHandler (file:///Users/john/Dev/Personal/azbusiness/node_modules/vite/dist/node/chunks/dep-DBxKXgDP.js:39046:19)
9:27:25 AM [vite] (ssr) Error when evaluating SSR module virtual:react-router/server-build: There is a new version of the pre-bundle for "/Users/john/Dev/Personal/azbusiness/app/routes/[$category].[$city].tsx", a page reload is going to ask for it.
  Plugin: vite:import-analysis
  File: /Users/john/Dev/Personal/azbusiness/app/routes/[$category].[$city].tsx
      at throwOutdatedRequest (file:///Users/john/Dev/Personal/azbusiness/node_modules/vite/dist/node/chunks/dep-DBxKXgDP.js:16436:15)
      at TransformPluginContext.transform (file:///Users/john/Dev/Personal/azbusiness/node_modules/vite/dist/node/chunks/dep-DBxKXgDP.js:40431:9)
      at processTicksAndRejections (node:internal/process/task_queues:105:5)
      at EnvironmentPluginContainer.transform (file:///Users/john/Dev/Personal/azbusiness/node_modules/vite/dist/node/chunks/dep-DBxKXgDP.js:42294:18)
      at compileRouteFile (/Users/john/Dev/Personal/azbusiness/node_modules/@react-router/dev/dist/vite.js:2495:21)
      at getRouteModuleExports (/Users/john/Dev/Personal/azbusiness/node_modules/@react-router/dev/dist/vite.js:2502:14)
      at /Users/john/Dev/Personal/azbusiness/node_modules/@react-router/dev/dist/vite.js:2466:27
      at async Promise.all (index 11)
      at getRouteManifestModuleExports (/Users/john/Dev/Personal/azbusiness/node_modules/@react-router/dev/dist/vite.js:2464:17)
      at getReactRouterManifestForDev (/Users/john/Dev/Personal/azbusiness/node_modules/@react-router/dev/dist/vite.js:2874:32)
      at LoadPluginContext.load (/Users/john/Dev/Personal/azbusiness/node_modules/@react-router/dev/dist/vite.js:3613:45)
      at EnvironmentPluginContainer.load (file:///Users/john/Dev/Personal/azbusiness/node_modules/vite/dist/node/chunks/dep-DBxKXgDP.js:42264:22)
      at loadAndTransform (file:///Users/john/Dev/Personal/azbusiness/node_modules/vite/dist/node/chunks/dep-DBxKXgDP.js:35669:22)
      at fetchModule (file:///Users/john/Dev/Personal/azbusiness/node_modules/vite/dist/node/chunks/dep-DBxKXgDP.js:46829:16)
      at handleInvoke (file:///Users/john/Dev/Personal/azbusiness/node_modules/vite/dist/node/chunks/dep-DBxKXgDP.js:38973:22)
      at EventEmitter.listenerForInvokeHandler (file:///Users/john/Dev/Personal/azbusiness/node_modules/vite/dist/node/chunks/dep-DBxKXgDP.js:39046:19)
9:27:25 AM [vite] Internal server error: There is a new version of the pre-bundle for "/Users/john/Dev/Personal/azbusiness/app/routes/[$category].[$city].tsx", a page reload is going to ask for it.
  Plugin: vite:import-analysis
  File: /Users/john/Dev/Personal/azbusiness/app/routes/[$category].[$city].tsx
      at throwOutdatedRequest (file:///Users/john/Dev/Personal/azbusiness/node_modules/vite/dist/node/chunks/dep-DBxKXgDP.js:16436:15)
      at TransformPluginContext.transform (file:///Users/john/Dev/Personal/azbusiness/node_modules/vite/dist/node/chunks/dep-DBxKXgDP.js:40431:9)
      at processTicksAndRejections (node:internal/process/task_queues:105:5)
      at EnvironmentPluginContainer.transform (file:///Users/john/Dev/Personal/azbusiness/node_modules/vite/dist/node/chunks/dep-DBxKXgDP.js:42294:18)
      at compileRouteFile (/Users/john/Dev/Personal/azbusiness/node_modules/@react-router/dev/dist/vite.js:2495:21)
      at getRouteModuleExports (/Users/john/Dev/Personal/azbusiness/node_modules/@react-router/dev/dist/vite.js:2502:14)
      at /Users/john/Dev/Personal/azbusiness/node_modules/@react-router/dev/dist/vite.js:2466:27
      at async Promise.all (index 11)
      at getRouteManifestModuleExports (/Users/john/Dev/Personal/azbusiness/node_modules/@react-router/dev/dist/vite.js:2464:17)
      at getReactRouterManifestForDev (/Users/john/Dev/Personal/azbusiness/node_modules/@react-router/dev/dist/vite.js:2874:32)
      at LoadPluginContext.load (/Users/john/Dev/Personal/azbusiness/node_modules/@react-router/dev/dist/vite.js:3613:45)
      at EnvironmentPluginContainer.load (file:///Users/john/Dev/Personal/azbusiness/node_modules/vite/dist/node/chunks/dep-DBxKXgDP.js:42264:22)
      at loadAndTransform (file:///Users/john/Dev/Personal/azbusiness/node_modules/vite/dist/node/chunks/dep-DBxKXgDP.js:35669:22)
      at fetchModule (file:///Users/john/Dev/Personal/azbusiness/node_modules/vite/dist/node/chunks/dep-DBxKXgDP.js:46829:16)
      at handleInvoke (file:///Users/john/Dev/Personal/azbusiness/node_modules/vite/dist/node/chunks/dep-DBxKXgDP.js:38973:22)
      at EventEmitter.listenerForInvokeHandler (file:///Users/john/Dev/Personal/azbusiness/node_modules/vite/dist/node/chunks/dep-DBxKXgDP.js:39046:19)
9:27:25 AM [vite] Internal server error: There is a new version of the pre-bundle for "/Users/john/Dev/Personal/azbusiness/app/routes/[$category].[$city].tsx", a page reload is going to ask for it.
  Plugin: vite:import-analysis
  File: /Users/john/Dev/Personal/azbusiness/app/routes/[$category].[$city].tsx
      at throwOutdatedRequest (file:///Users/john/Dev/Personal/azbusiness/node_modules/vite/dist/node/chunks/dep-DBxKXgDP.js:16436:15)
      at TransformPluginContext.transform (file:///Users/john/Dev/Personal/azbusiness/node_modules/vite/dist/node/chunks/dep-DBxKXgDP.js:40431:9)
      at processTicksAndRejections (node:internal/process/task_queues:105:5)
      at EnvironmentPluginContainer.transform (file:///Users/john/Dev/Personal/azbusiness/node_modules/vite/dist/node/chunks/dep-DBxKXgDP.js:42294:18)
      at compileRouteFile (/Users/john/Dev/Personal/azbusiness/node_modules/@react-router/dev/dist/vite.js:2495:21)
      at getRouteModuleExports (/Users/john/Dev/Personal/azbusiness/node_modules/@react-router/dev/dist/vite.js:2502:14)
      at /Users/john/Dev/Personal/azbusiness/node_modules/@react-router/dev/dist/vite.js:2466:27
      at async Promise.all (index 11)
      at getRouteManifestModuleExports (/Users/john/Dev/Personal/azbusiness/node_modules/@react-router/dev/dist/vite.js:2464:17)
      at getReactRouterManifestForDev (/Users/john/Dev/Personal/azbusiness/node_modules/@react-router/dev/dist/vite.js:2874:32)
      at LoadPluginContext.load (/Users/john/Dev/Personal/azbusiness/node_modules/@react-router/dev/dist/vite.js:3613:45)
      at EnvironmentPluginContainer.load (file:///Users/john/Dev/Personal/azbusiness/node_modules/vite/dist/node/chunks/dep-DBxKXgDP.js:42264:22)
      at loadAndTransform (file:///Users/john/Dev/Personal/azbusiness/node_modules/vite/dist/node/chunks/dep-DBxKXgDP.js:35669:22)
      at fetchModule (file:///Users/john/Dev/Personal/azbusiness/node_modules/vite/dist/node/chunks/dep-DBxKXgDP.js:46829:16)
      at handleInvoke (file:///Users/john/Dev/Personal/azbusiness/node_modules/vite/dist/node/chunks/dep-DBxKXgDP.js:38973:22)
      at EventEmitter.listenerForInvokeHandler (file:///Users/john/Dev/Personal/azbusiness/node_modules/vite/dist/node/chunks/dep-DBxKXgDP.js:39046:19)
9:27:25 AM [vite] Internal server error: There is a new version of the pre-bundle for "/Users/john/Dev/Personal/azbusiness/app/routes/[$category].[$city].tsx", a page reload is going to ask for it.
  Plugin: vite:import-analysis
  File: /Users/john/Dev/Personal/azbusiness/app/routes/[$category].[$city].tsx
      at throwOutdatedRequest (file:///Users/john/Dev/Personal/azbusiness/node_modules/vite/dist/node/chunks/dep-DBxKXgDP.js:16436:15)
      at TransformPluginContext.transform (file:///Users/john/Dev/Personal/azbusiness/node_modules/vite/dist/node/chunks/dep-DBxKXgDP.js:40431:9)
      at processTicksAndRejections (node:internal/process/task_queues:105:5)
      at EnvironmentPluginContainer.transform (file:///Users/john/Dev/Personal/azbusiness/node_modules/vite/dist/node/chunks/dep-DBxKXgDP.js:42294:18)
      at compileRouteFile (/Users/john/Dev/Personal/azbusiness/node_modules/@react-router/dev/dist/vite.js:2495:21)
      at getRouteModuleExports (/Users/john/Dev/Personal/azbusiness/node_modules/@react-router/dev/dist/vite.js:2502:14)
      at /Users/john/Dev/Personal/azbusiness/node_modules/@react-router/dev/dist/vite.js:2466:27
      at async Promise.all (index 11)
      at getRouteManifestModuleExports (/Users/john/Dev/Personal/azbusiness/node_modules/@react-router/dev/dist/vite.js:2464:17)
      at getReactRouterManifestForDev (/Users/john/Dev/Personal/azbusiness/node_modules/@react-router/dev/dist/vite.js:2874:32)
      at LoadPluginContext.load (/Users/john/Dev/Personal/azbusiness/node_modules/@react-router/dev/dist/vite.js:3613:45)
      at EnvironmentPluginContainer.load (file:///Users/john/Dev/Personal/azbusiness/node_modules/vite/dist/node/chunks/dep-DBxKXgDP.js:42264:22)
      at loadAndTransform (file:///Users/john/Dev/Personal/azbusiness/node_modules/vite/dist/node/chunks/dep-DBxKXgDP.js:35669:22)
      at fetchModule (file:///Users/john/Dev/Personal/azbusiness/node_modules/vite/dist/node/chunks/dep-DBxKXgDP.js:46829:16)
      at handleInvoke (file:///Users/john/Dev/Personal/azbusiness/node_modules/vite/dist/node/chunks/dep-DBxKXgDP.js:38973:22)
      at EventEmitter.listenerForInvokeHandler (file:///Users/john/Dev/Personal/azbusiness/node_modules/vite/dist/node/chunks/dep-DBxKXgDP.js:39046:19)
9:27:25 AM [vite] Internal server error: There is a new version of the pre-bundle for "/Users/john/Dev/Personal/azbusiness/app/routes/[$category].[$city].tsx", a page reload is going to ask for it.
  Plugin: vite:import-analysis
  File: /Users/john/Dev/Personal/azbusiness/app/routes/[$category].[$city].tsx
      at throwOutdatedRequest (file:///Users/john/Dev/Personal/azbusiness/node_modules/vite/dist/node/chunks/dep-DBxKXgDP.js:16436:15)
      at TransformPluginContext.transform (file:///Users/john/Dev/Personal/azbusiness/node_modules/vite/dist/node/chunks/dep-DBxKXgDP.js:40431:9)
      at processTicksAndRejections (node:internal/process/task_queues:105:5)
      at EnvironmentPluginContainer.transform (file:///Users/john/Dev/Personal/azbusiness/node_modules/vite/dist/node/chunks/dep-DBxKXgDP.js:42294:18)
      at compileRouteFile (/Users/john/Dev/Personal/azbusiness/node_modules/@react-router/dev/dist/vite.js:2495:21)
      at getRouteModuleExports (/Users/john/Dev/Personal/azbusiness/node_modules/@react-router/dev/dist/vite.js:2502:14)
      at /Users/john/Dev/Personal/azbusiness/node_modules/@react-router/dev/dist/vite.js:2466:27
      at async Promise.all (index 11)
      at getRouteManifestModuleExports (/Users/john/Dev/Personal/azbusiness/node_modules/@react-router/dev/dist/vite.js:2464:17)
      at getReactRouterManifestForDev (/Users/john/Dev/Personal/azbusiness/node_modules/@react-router/dev/dist/vite.js:2874:32)
      at LoadPluginContext.load (/Users/john/Dev/Personal/azbusiness/node_modules/@react-router/dev/dist/vite.js:3613:45)
      at EnvironmentPluginContainer.load (file:///Users/john/Dev/Personal/azbusiness/node_modules/vite/dist/node/chunks/dep-DBxKXgDP.js:42264:22)
      at loadAndTransform (file:///Users/john/Dev/Personal/azbusiness/node_modules/vite/dist/node/chunks/dep-DBxKXgDP.js:35669:22)
      at fetchModule (file:///Users/john/Dev/Personal/azbusiness/node_modules/vite/dist/node/chunks/dep-DBxKXgDP.js:46829:16)
      at handleInvoke (file:///Users/john/Dev/Personal/azbusiness/node_modules/vite/dist/node/chunks/dep-DBxKXgDP.js:38973:22)
      at EventEmitter.listenerForInvokeHandler (file:///Users/john/Dev/Personal/azbusiness/node_modules/vite/dist/node/chunks/dep-DBxKXgDP.js:39046:19)
9:27:45 AM [vite] (client) hmr update /app/app.css
9:27:45 AM [vite] (ssr) page reload app/components/category-city/category-city-page-content.tsx
9:27:45 AM [vite] (ssr) Error when evaluating SSR module virtual:react-router/server-build: There is a new version of the pre-bundle for "/Users/john/Dev/Personal/azbusiness/app/routes/[$category].[$city].tsx", a page reload is going to ask for it.
  Plugin: vite:import-analysis
  File: /Users/john/Dev/Personal/azbusiness/app/routes/[$category].[$city].tsx
      at throwOutdatedRequest (file:///Users/john/Dev/Personal/azbusiness/node_modules/vite/dist/node/chunks/dep-DBxKXgDP.js:16436:15)
      at TransformPluginContext.transform (file:///Users/john/Dev/Personal/azbusiness/node_modules/vite/dist/node/chunks/dep-DBxKXgDP.js:40431:9)
      at processTicksAndRejections (node:internal/process/task_queues:105:5)
      at EnvironmentPluginContainer.transform (file:///Users/john/Dev/Personal/azbusiness/node_modules/vite/dist/node/chunks/dep-DBxKXgDP.js:42294:18)
      at compileRouteFile (/Users/john/Dev/Personal/azbusiness/node_modules/@react-router/dev/dist/vite.js:2495:21)
      at getRouteModuleExports (/Users/john/Dev/Personal/azbusiness/node_modules/@react-router/dev/dist/vite.js:2502:14)
      at /Users/john/Dev/Personal/azbusiness/node_modules/@react-router/dev/dist/vite.js:2466:27
      at async Promise.all (index 11)
      at getRouteManifestModuleExports (/Users/john/Dev/Personal/azbusiness/node_modules/@react-router/dev/dist/vite.js:2464:17)
      at getReactRouterManifestForDev (/Users/john/Dev/Personal/azbusiness/node_modules/@react-router/dev/dist/vite.js:2874:32)
      at LoadPluginContext.load (/Users/john/Dev/Personal/azbusiness/node_modules/@react-router/dev/dist/vite.js:3613:45)
      at EnvironmentPluginContainer.load (file:///Users/john/Dev/Personal/azbusiness/node_modules/vite/dist/node/chunks/dep-DBxKXgDP.js:42264:22)
      at loadAndTransform (file:///Users/john/Dev/Personal/azbusiness/node_modules/vite/dist/node/chunks/dep-DBxKXgDP.js:35669:22)
      at fetchModule (file:///Users/john/Dev/Personal/azbusiness/node_modules/vite/dist/node/chunks/dep-DBxKXgDP.js:46829:16)
      at handleInvoke (file:///Users/john/Dev/Personal/azbusiness/node_modules/vite/dist/node/chunks/dep-DBxKXgDP.js:38973:22)
      at EventEmitter.listenerForInvokeHandler (file:///Users/john/Dev/Personal/azbusiness/node_modules/vite/dist/node/chunks/dep-DBxKXgDP.js:39046:19)
9:27:45 AM [vite] Internal server error: There is a new version of the pre-bundle for "/Users/john/Dev/Personal/azbusiness/app/routes/[$category].[$city].tsx", a page reload is going to ask for it.
  Plugin: vite:import-analysis
  File: /Users/john/Dev/Personal/azbusiness/app/routes/[$category].[$city].tsx
      at throwOutdatedRequest (file:///Users/john/Dev/Personal/azbusiness/node_modules/vite/dist/node/chunks/dep-DBxKXgDP.js:16436:15)
      at TransformPluginContext.transform (file:///Users/john/Dev/Personal/azbusiness/node_modules/vite/dist/node/chunks/dep-DBxKXgDP.js:40431:9)
      at processTicksAndRejections (node:internal/process/task_queues:105:5)
      at EnvironmentPluginContainer.transform (file:///Users/john/Dev/Personal/azbusiness/node_modules/vite/dist/node/chunks/dep-DBxKXgDP.js:42294:18)
      at compileRouteFile (/Users/john/Dev/Personal/azbusiness/node_modules/@react-router/dev/dist/vite.js:2495:21)
      at getRouteModuleExports (/Users/john/Dev/Personal/azbusiness/node_modules/@react-router/dev/dist/vite.js:2502:14)
      at /Users/john/Dev/Personal/azbusiness/node_modules/@react-router/dev/dist/vite.js:2466:27
      at async Promise.all (index 11)
      at getRouteManifestModuleExports (/Users/john/Dev/Personal/azbusiness/node_modules/@react-router/dev/dist/vite.js:2464:17)
      at getReactRouterManifestForDev (/Users/john/Dev/Personal/azbusiness/node_modules/@react-router/dev/dist/vite.js:2874:32)
      at LoadPluginContext.load (/Users/john/Dev/Personal/azbusiness/node_modules/@react-router/dev/dist/vite.js:3613:45)
      at EnvironmentPluginContainer.load (file:///Users/john/Dev/Personal/azbusiness/node_modules/vite/dist/node/chunks/dep-DBxKXgDP.js:42264:22)
      at loadAndTransform (file:///Users/john/Dev/Personal/azbusiness/node_modules/vite/dist/node/chunks/dep-DBxKXgDP.js:35669:22)
      at fetchModule (file:///Users/john/Dev/Personal/azbusiness/node_modules/vite/dist/node/chunks/dep-DBxKXgDP.js:46829:16)
      at handleInvoke (file:///Users/john/Dev/Personal/azbusiness/node_modules/vite/dist/node/chunks/dep-DBxKXgDP.js:38973:22)
      at EventEmitter.listenerForInvokeHandler (file:///Users/john/Dev/Personal/azbusiness/node_modules/vite/dist/node/chunks/dep-DBxKXgDP.js:39046:19)
9:27:45 AM [vite] Internal server error: There is a new version of the pre-bundle for "/Users/john/Dev/Personal/azbusiness/app/routes/[$category].[$city].tsx", a page reload is going to ask for it.
  Plugin: vite:import-analysis
  File: /Users/john/Dev/Personal/azbusiness/app/routes/[$category].[$city].tsx
      at throwOutdatedRequest (file:///Users/john/Dev/Personal/azbusiness/node_modules/vite/dist/node/chunks/dep-DBxKXgDP.js:16436:15)
      at TransformPluginContext.transform (file:///Users/john/Dev/Personal/azbusiness/node_modules/vite/dist/node/chunks/dep-DBxKXgDP.js:40431:9)
      at processTicksAndRejections (node:internal/process/task_queues:105:5)
      at EnvironmentPluginContainer.transform (file:///Users/john/Dev/Personal/azbusiness/node_modules/vite/dist/node/chunks/dep-DBxKXgDP.js:42294:18)
      at compileRouteFile (/Users/john/Dev/Personal/azbusiness/node_modules/@react-router/dev/dist/vite.js:2495:21)
      at getRouteModuleExports (/Users/john/Dev/Personal/azbusiness/node_modules/@react-router/dev/dist/vite.js:2502:14)
      at /Users/john/Dev/Personal/azbusiness/node_modules/@react-router/dev/dist/vite.js:2466:27
      at async Promise.all (index 11)
      at getRouteManifestModuleExports (/Users/john/Dev/Personal/azbusiness/node_modules/@react-router/dev/dist/vite.js:2464:17)
      at getReactRouterManifestForDev (/Users/john/Dev/Personal/azbusiness/node_modules/@react-router/dev/dist/vite.js:2874:32)
      at LoadPluginContext.load (/Users/john/Dev/Personal/azbusiness/node_modules/@react-router/dev/dist/vite.js:3613:45)
      at EnvironmentPluginContainer.load (file:///Users/john/Dev/Personal/azbusiness/node_modules/vite/dist/node/chunks/dep-DBxKXgDP.js:42264:22)
      at loadAndTransform (file:///Users/john/Dev/Personal/azbusiness/node_modules/vite/dist/node/chunks/dep-DBxKXgDP.js:35669:22)
      at fetchModule (file:///Users/john/Dev/Personal/azbusiness/node_modules/vite/dist/node/chunks/dep-DBxKXgDP.js:46829:16)
      at handleInvoke (file:///Users/john/Dev/Personal/azbusiness/node_modules/vite/dist/node/chunks/dep-DBxKXgDP.js:38973:22)
      at EventEmitter.listenerForInvokeHandler (file:///Users/john/Dev/Personal/azbusiness/node_modules/vite/dist/node/chunks/dep-DBxKXgDP.js:39046:19)
9:27:52 AM [vite] (client) hmr update /app/app.css
9:27:52 AM [vite] (ssr) page reload app/components/category-city/category-city-page-content.tsx
9:27:52 AM [vite] (ssr) Error when evaluating SSR module virtual:react-router/server-build: There is a new version of the pre-bundle for "/Users/john/Dev/Personal/azbusiness/app/routes/[$category].[$city].tsx", a page reload is going to ask for it.
  Plugin: vite:import-analysis
  File: /Users/john/Dev/Personal/azbusiness/app/routes/[$category].[$city].tsx
      at throwOutdatedRequest (file:///Users/john/Dev/Personal/azbusiness/node_modules/vite/dist/node/chunks/dep-DBxKXgDP.js:16436:15)
      at TransformPluginContext.transform (file:///Users/john/Dev/Personal/azbusiness/node_modules/vite/dist/node/chunks/dep-DBxKXgDP.js:40431:9)
      at processTicksAndRejections (node:internal/process/task_queues:105:5)
      at EnvironmentPluginContainer.transform (file:///Users/john/Dev/Personal/azbusiness/node_modules/vite/dist/node/chunks/dep-DBxKXgDP.js:42294:18)
      at compileRouteFile (/Users/john/Dev/Personal/azbusiness/node_modules/@react-router/dev/dist/vite.js:2495:21)
      at getRouteModuleExports (/Users/john/Dev/Personal/azbusiness/node_modules/@react-router/dev/dist/vite.js:2502:14)
      at /Users/john/Dev/Personal/azbusiness/node_modules/@react-router/dev/dist/vite.js:2466:27
      at async Promise.all (index 11)
      at getRouteManifestModuleExports (/Users/john/Dev/Personal/azbusiness/node_modules/@react-router/dev/dist/vite.js:2464:17)
      at getReactRouterManifestForDev (/Users/john/Dev/Personal/azbusiness/node_modules/@react-router/dev/dist/vite.js:2874:32)
      at LoadPluginContext.load (/Users/john/Dev/Personal/azbusiness/node_modules/@react-router/dev/dist/vite.js:3613:45)
      at EnvironmentPluginContainer.load (file:///Users/john/Dev/Personal/azbusiness/node_modules/vite/dist/node/chunks/dep-DBxKXgDP.js:42264:22)
      at loadAndTransform (file:///Users/john/Dev/Personal/azbusiness/node_modules/vite/dist/node/chunks/dep-DBxKXgDP.js:35669:22)
      at fetchModule (file:///Users/john/Dev/Personal/azbusiness/node_modules/vite/dist/node/chunks/dep-DBxKXgDP.js:46829:16)
      at handleInvoke (file:///Users/john/Dev/Personal/azbusiness/node_modules/vite/dist/node/chunks/dep-DBxKXgDP.js:38973:22)
      at EventEmitter.listenerForInvokeHandler (file:///Users/john/Dev/Personal/azbusiness/node_modules/vite/dist/node/chunks/dep-DBxKXgDP.js:39046:19)
9:27:52 AM [vite] Internal server error: There is a new version of the pre-bundle for "/Users/john/Dev/Personal/azbusiness/app/routes/[$category].[$city].tsx", a page reload is going to ask for it.
  Plugin: vite:import-analysis
  File: /Users/john/Dev/Personal/azbusiness/app/routes/[$category].[$city].tsx
      at throwOutdatedRequest (file:///Users/john/Dev/Personal/azbusiness/node_modules/vite/dist/node/chunks/dep-DBxKXgDP.js:16436:15)
      at TransformPluginContext.transform (file:///Users/john/Dev/Personal/azbusiness/node_modules/vite/dist/node/chunks/dep-DBxKXgDP.js:40431:9)
      at processTicksAndRejections (node:internal/process/task_queues:105:5)
      at EnvironmentPluginContainer.transform (file:///Users/john/Dev/Personal/azbusiness/node_modules/vite/dist/node/chunks/dep-DBxKXgDP.js:42294:18)
      at compileRouteFile (/Users/john/Dev/Personal/azbusiness/node_modules/@react-router/dev/dist/vite.js:2495:21)
      at getRouteModuleExports (/Users/john/Dev/Personal/azbusiness/node_modules/@react-router/dev/dist/vite.js:2502:14)
      at /Users/john/Dev/Personal/azbusiness/node_modules/@react-router/dev/dist/vite.js:2466:27
      at async Promise.all (index 11)
      at getRouteManifestModuleExports (/Users/john/Dev/Personal/azbusiness/node_modules/@react-router/dev/dist/vite.js:2464:17)
      at getReactRouterManifestForDev (/Users/john/Dev/Personal/azbusiness/node_modules/@react-router/dev/dist/vite.js:2874:32)
      at LoadPluginContext.load (/Users/john/Dev/Personal/azbusiness/node_modules/@react-router/dev/dist/vite.js:3613:45)
      at EnvironmentPluginContainer.load (file:///Users/john/Dev/Personal/azbusiness/node_modules/vite/dist/node/chunks/dep-DBxKXgDP.js:42264:22)
      at loadAndTransform (file:///Users/john/Dev/Personal/azbusiness/node_modules/vite/dist/node/chunks/dep-DBxKXgDP.js:35669:22)
      at fetchModule (file:///Users/john/Dev/Personal/azbusiness/node_modules/vite/dist/node/chunks/dep-DBxKXgDP.js:46829:16)
      at handleInvoke (file:///Users/john/Dev/Personal/azbusiness/node_modules/vite/dist/node/chunks/dep-DBxKXgDP.js:38973:22)
      at EventEmitter.listenerForInvokeHandler (file:///Users/john/Dev/Personal/azbusiness/node_modules/vite/dist/node/chunks/dep-DBxKXgDP.js:39046:19)
9:27:52 AM [vite] Internal server error: There is a new version of the pre-bundle for "/Users/john/Dev/Personal/azbusiness/app/routes/[$category].[$city].tsx", a page reload is going to ask for it.
  Plugin: vite:import-analysis
  File: /Users/john/Dev/Personal/azbusiness/app/routes/[$category].[$city].tsx
      at throwOutdatedRequest (file:///Users/john/Dev/Personal/azbusiness/node_modules/vite/dist/node/chunks/dep-DBxKXgDP.js:16436:15)
      at TransformPluginContext.transform (file:///Users/john/Dev/Personal/azbusiness/node_modules/vite/dist/node/chunks/dep-DBxKXgDP.js:40431:9)
      at processTicksAndRejections (node:internal/process/task_queues:105:5)
      at EnvironmentPluginContainer.transform (file:///Users/john/Dev/Personal/azbusiness/node_modules/vite/dist/node/chunks/dep-DBxKXgDP.js:42294:18)
      at compileRouteFile (/Users/john/Dev/Personal/azbusiness/node_modules/@react-router/dev/dist/vite.js:2495:21)
      at getRouteModuleExports (/Users/john/Dev/Personal/azbusiness/node_modules/@react-router/dev/dist/vite.js:2502:14)
      at /Users/john/Dev/Personal/azbusiness/node_modules/@react-router/dev/dist/vite.js:2466:27
      at async Promise.all (index 11)
      at getRouteManifestModuleExports (/Users/john/Dev/Personal/azbusiness/node_modules/@react-router/dev/dist/vite.js:2464:17)
      at getReactRouterManifestForDev (/Users/john/Dev/Personal/azbusiness/node_modules/@react-router/dev/dist/vite.js:2874:32)
      at LoadPluginContext.load (/Users/john/Dev/Personal/azbusiness/node_modules/@react-router/dev/dist/vite.js:3613:45)
      at EnvironmentPluginContainer.load (file:///Users/john/Dev/Personal/azbusiness/node_modules/vite/dist/node/chunks/dep-DBxKXgDP.js:42264:22)
      at loadAndTransform (file:///Users/john/Dev/Personal/azbusiness/node_modules/vite/dist/node/chunks/dep-DBxKXgDP.js:35669:22)
      at fetchModule (file:///Users/john/Dev/Personal/azbusiness/node_modules/vite/dist/node/chunks/dep-DBxKXgDP.js:46829:16)
      at handleInvoke (file:///Users/john/Dev/Personal/azbusiness/node_modules/vite/dist/node/chunks/dep-DBxKXgDP.js:38973:22)
      at EventEmitter.listenerForInvokeHandler (file:///Users/john/Dev/Personal/azbusiness/node_modules/vite/dist/node/chunks/dep-DBxKXgDP.js:39046:19)
9:27:56 AM [vite] (client) hmr update /app/app.css
9:27:56 AM [vite] (ssr) page reload app/routes/[$category].[$city].tsx
9:27:56 AM [vite] (ssr) Error when evaluating SSR module virtual:react-router/server-build: There is a new version of the pre-bundle for "/Users/john/Dev/Personal/azbusiness/app/routes/[$category].[$city].tsx", a page reload is going to ask for it.
  Plugin: vite:import-analysis
  File: /Users/john/Dev/Personal/azbusiness/app/routes/[$category].[$city].tsx
      at throwOutdatedRequest (file:///Users/john/Dev/Personal/azbusiness/node_modules/vite/dist/node/chunks/dep-DBxKXgDP.js:16436:15)
      at TransformPluginContext.transform (file:///Users/john/Dev/Personal/azbusiness/node_modules/vite/dist/node/chunks/dep-DBxKXgDP.js:40431:9)
      at processTicksAndRejections (node:internal/process/task_queues:105:5)
      at EnvironmentPluginContainer.transform (file:///Users/john/Dev/Personal/azbusiness/node_modules/vite/dist/node/chunks/dep-DBxKXgDP.js:42294:18)
      at compileRouteFile (/Users/john/Dev/Personal/azbusiness/node_modules/@react-router/dev/dist/vite.js:2495:21)
      at getRouteModuleExports (/Users/john/Dev/Personal/azbusiness/node_modules/@react-router/dev/dist/vite.js:2502:14)
      at /Users/john/Dev/Personal/azbusiness/node_modules/@react-router/dev/dist/vite.js:2466:27
      at async Promise.all (index 11)
      at getRouteManifestModuleExports (/Users/john/Dev/Personal/azbusiness/node_modules/@react-router/dev/dist/vite.js:2464:17)
      at getReactRouterManifestForDev (/Users/john/Dev/Personal/azbusiness/node_modules/@react-router/dev/dist/vite.js:2874:32)
      at LoadPluginContext.load (/Users/john/Dev/Personal/azbusiness/node_modules/@react-router/dev/dist/vite.js:3613:45)
      at EnvironmentPluginContainer.load (file:///Users/john/Dev/Personal/azbusiness/node_modules/vite/dist/node/chunks/dep-DBxKXgDP.js:42264:22)
      at loadAndTransform (file:///Users/john/Dev/Personal/azbusiness/node_modules/vite/dist/node/chunks/dep-DBxKXgDP.js:35669:22)
      at fetchModule (file:///Users/john/Dev/Personal/azbusiness/node_modules/vite/dist/node/chunks/dep-DBxKXgDP.js:46829:16)
      at handleInvoke (file:///Users/john/Dev/Personal/azbusiness/node_modules/vite/dist/node/chunks/dep-DBxKXgDP.js:38973:22)
      at EventEmitter.listenerForInvokeHandler (file:///Users/john/Dev/Personal/azbusiness/node_modules/vite/dist/node/chunks/dep-DBxKXgDP.js:39046:19)
9:27:56 AM [vite] Internal server error: There is a new version of the pre-bundle for "/Users/john/Dev/Personal/azbusiness/app/routes/[$category].[$city].tsx", a page reload is going to ask for it.
  Plugin: vite:import-analysis
  File: /Users/john/Dev/Personal/azbusiness/app/routes/[$category].[$city].tsx
      at throwOutdatedRequest (file:///Users/john/Dev/Personal/azbusiness/node_modules/vite/dist/node/chunks/dep-DBxKXgDP.js:16436:15)
      at TransformPluginContext.transform (file:///Users/john/Dev/Personal/azbusiness/node_modules/vite/dist/node/chunks/dep-DBxKXgDP.js:40431:9)
      at processTicksAndRejections (node:internal/process/task_queues:105:5)
      at EnvironmentPluginContainer.transform (file:///Users/john/Dev/Personal/azbusiness/node_modules/vite/dist/node/chunks/dep-DBxKXgDP.js:42294:18)
      at compileRouteFile (/Users/john/Dev/Personal/azbusiness/node_modules/@react-router/dev/dist/vite.js:2495:21)
      at getRouteModuleExports (/Users/john/Dev/Personal/azbusiness/node_modules/@react-router/dev/dist/vite.js:2502:14)
      at /Users/john/Dev/Personal/azbusiness/node_modules/@react-router/dev/dist/vite.js:2466:27
      at async Promise.all (index 11)
      at getRouteManifestModuleExports (/Users/john/Dev/Personal/azbusiness/node_modules/@react-router/dev/dist/vite.js:2464:17)
      at getReactRouterManifestForDev (/Users/john/Dev/Personal/azbusiness/node_modules/@react-router/dev/dist/vite.js:2874:32)
      at LoadPluginContext.load (/Users/john/Dev/Personal/azbusiness/node_modules/@react-router/dev/dist/vite.js:3613:45)
      at EnvironmentPluginContainer.load (file:///Users/john/Dev/Personal/azbusiness/node_modules/vite/dist/node/chunks/dep-DBxKXgDP.js:42264:22)
      at loadAndTransform (file:///Users/john/Dev/Personal/azbusiness/node_modules/vite/dist/node/chunks/dep-DBxKXgDP.js:35669:22)
      at fetchModule (file:///Users/john/Dev/Personal/azbusiness/node_modules/vite/dist/node/chunks/dep-DBxKXgDP.js:46829:16)
      at handleInvoke (file:///Users/john/Dev/Personal/azbusiness/node_modules/vite/dist/node/chunks/dep-DBxKXgDP.js:38973:22)
      at EventEmitter.listenerForInvokeHandler (file:///Users/john/Dev/Personal/azbusiness/node_modules/vite/dist/node/chunks/dep-DBxKXgDP.js:39046:19)
9:27:56 AM [vite] Internal server error: There is a new version of the pre-bundle for "/Users/john/Dev/Personal/azbusiness/app/routes/[$category].[$city].tsx", a page reload is going to ask for it.
  Plugin: vite:import-analysis
  File: /Users/john/Dev/Personal/azbusiness/app/routes/[$category].[$city].tsx
      at throwOutdatedRequest (file:///Users/john/Dev/Personal/azbusiness/node_modules/vite/dist/node/chunks/dep-DBxKXgDP.js:16436:15)
      at TransformPluginContext.transform (file:///Users/john/Dev/Personal/azbusiness/node_modules/vite/dist/node/chunks/dep-DBxKXgDP.js:40431:9)
      at processTicksAndRejections (node:internal/process/task_queues:105:5)
      at EnvironmentPluginContainer.transform (file:///Users/john/Dev/Personal/azbusiness/node_modules/vite/dist/node/chunks/dep-DBxKXgDP.js:42294:18)
      at compileRouteFile (/Users/john/Dev/Personal/azbusiness/node_modules/@react-router/dev/dist/vite.js:2495:21)
      at getRouteModuleExports (/Users/john/Dev/Personal/azbusiness/node_modules/@react-router/dev/dist/vite.js:2502:14)
      at /Users/john/Dev/Personal/azbusiness/node_modules/@react-router/dev/dist/vite.js:2466:27
      at async Promise.all (index 11)
      at getRouteManifestModuleExports (/Users/john/Dev/Personal/azbusiness/node_modules/@react-router/dev/dist/vite.js:2464:17)
      at getReactRouterManifestForDev (/Users/john/Dev/Personal/azbusiness/node_modules/@react-router/dev/dist/vite.js:2874:32)
      at LoadPluginContext.load (/Users/john/Dev/Personal/azbusiness/node_modules/@react-router/dev/dist/vite.js:3613:45)
      at EnvironmentPluginContainer.load (file:///Users/john/Dev/Personal/azbusiness/node_modules/vite/dist/node/chunks/dep-DBxKXgDP.js:42264:22)
      at loadAndTransform (file:///Users/john/Dev/Personal/azbusiness/node_modules/vite/dist/node/chunks/dep-DBxKXgDP.js:35669:22)
      at fetchModule (file:///Users/john/Dev/Personal/azbusiness/node_modules/vite/dist/node/chunks/dep-DBxKXgDP.js:46829:16)
      at handleInvoke (file:///Users/john/Dev/Personal/azbusiness/node_modules/vite/dist/node/chunks/dep-DBxKXgDP.js:38973:22)
      at EventEmitter.listenerForInvokeHandler (file:///Users/john/Dev/Personal/azbusiness/node_modules/vite/dist/node/chunks/dep-DBxKXgDP.js:39046:19)
9:28:12 AM [vite] (client) hmr update /app/app.css
9:28:12 AM [vite] (ssr) page reload app/routes/[$category].[$city].tsx
9:28:12 AM [vite] (ssr) Error when evaluating SSR module virtual:react-router/server-build: There is a new version of the pre-bundle for "/Users/john/Dev/Personal/azbusiness/app/routes/[$category].[$city].tsx", a page reload is going to ask for it.
  Plugin: vite:import-analysis
  File: /Users/john/Dev/Personal/azbusiness/app/routes/[$category].[$city].tsx
      at throwOutdatedRequest (file:///Users/john/Dev/Personal/azbusiness/node_modules/vite/dist/node/chunks/dep-DBxKXgDP.js:16436:15)
      at TransformPluginContext.transform (file:///Users/john/Dev/Personal/azbusiness/node_modules/vite/dist/node/chunks/dep-DBxKXgDP.js:40431:9)
      at processTicksAndRejections (node:internal/process/task_queues:105:5)
      at EnvironmentPluginContainer.transform (file:///Users/john/Dev/Personal/azbusiness/node_modules/vite/dist/node/chunks/dep-DBxKXgDP.js:42294:18)
      at compileRouteFile (/Users/john/Dev/Personal/azbusiness/node_modules/@react-router/dev/dist/vite.js:2495:21)
      at getRouteModuleExports (/Users/john/Dev/Personal/azbusiness/node_modules/@react-router/dev/dist/vite.js:2502:14)
      at /Users/john/Dev/Personal/azbusiness/node_modules/@react-router/dev/dist/vite.js:2466:27
      at async Promise.all (index 11)
      at getRouteManifestModuleExports (/Users/john/Dev/Personal/azbusiness/node_modules/@react-router/dev/dist/vite.js:2464:17)
      at getReactRouterManifestForDev (/Users/john/Dev/Personal/azbusiness/node_modules/@react-router/dev/dist/vite.js:2874:32)
      at LoadPluginContext.load (/Users/john/Dev/Personal/azbusiness/node_modules/@react-router/dev/dist/vite.js:3613:45)
      at EnvironmentPluginContainer.load (file:///Users/john/Dev/Personal/azbusiness/node_modules/vite/dist/node/chunks/dep-DBxKXgDP.js:42264:22)
      at loadAndTransform (file:///Users/john/Dev/Personal/azbusiness/node_modules/vite/dist/node/chunks/dep-DBxKXgDP.js:35669:22)
      at fetchModule (file:///Users/john/Dev/Personal/azbusiness/node_modules/vite/dist/node/chunks/dep-DBxKXgDP.js:46829:16)
      at handleInvoke (file:///Users/john/Dev/Personal/azbusiness/node_modules/vite/dist/node/chunks/dep-DBxKXgDP.js:38973:22)
      at EventEmitter.listenerForInvokeHandler (file:///Users/john/Dev/Personal/azbusiness/node_modules/vite/dist/node/chunks/dep-DBxKXgDP.js:39046:19)
9:28:12 AM [vite] Internal server error: There is a new version of the pre-bundle for "/Users/john/Dev/Personal/azbusiness/app/routes/[$category].[$city].tsx", a page reload is going to ask for it.
  Plugin: vite:import-analysis
  File: /Users/john/Dev/Personal/azbusiness/app/routes/[$category].[$city].tsx
      at throwOutdatedRequest (file:///Users/john/Dev/Personal/azbusiness/node_modules/vite/dist/node/chunks/dep-DBxKXgDP.js:16436:15)
      at TransformPluginContext.transform (file:///Users/john/Dev/Personal/azbusiness/node_modules/vite/dist/node/chunks/dep-DBxKXgDP.js:40431:9)
      at processTicksAndRejections (node:internal/process/task_queues:105:5)
      at EnvironmentPluginContainer.transform (file:///Users/john/Dev/Personal/azbusiness/node_modules/vite/dist/node/chunks/dep-DBxKXgDP.js:42294:18)
      at compileRouteFile (/Users/john/Dev/Personal/azbusiness/node_modules/@react-router/dev/dist/vite.js:2495:21)
      at getRouteModuleExports (/Users/john/Dev/Personal/azbusiness/node_modules/@react-router/dev/dist/vite.js:2502:14)
      at /Users/john/Dev/Personal/azbusiness/node_modules/@react-router/dev/dist/vite.js:2466:27
      at async Promise.all (index 11)
      at getRouteManifestModuleExports (/Users/john/Dev/Personal/azbusiness/node_modules/@react-router/dev/dist/vite.js:2464:17)
      at getReactRouterManifestForDev (/Users/john/Dev/Personal/azbusiness/node_modules/@react-router/dev/dist/vite.js:2874:32)
      at LoadPluginContext.load (/Users/john/Dev/Personal/azbusiness/node_modules/@react-router/dev/dist/vite.js:3613:45)
      at EnvironmentPluginContainer.load (file:///Users/john/Dev/Personal/azbusiness/node_modules/vite/dist/node/chunks/dep-DBxKXgDP.js:42264:22)
      at loadAndTransform (file:///Users/john/Dev/Personal/azbusiness/node_modules/vite/dist/node/chunks/dep-DBxKXgDP.js:35669:22)
      at fetchModule (file:///Users/john/Dev/Personal/azbusiness/node_modules/vite/dist/node/chunks/dep-DBxKXgDP.js:46829:16)
      at handleInvoke (file:///Users/john/Dev/Personal/azbusiness/node_modules/vite/dist/node/chunks/dep-DBxKXgDP.js:38973:22)
      at EventEmitter.listenerForInvokeHandler (file:///Users/john/Dev/Personal/azbusiness/node_modules/vite/dist/node/chunks/dep-DBxKXgDP.js:39046:19)
9:28:12 AM [vite] Internal server error: There is a new version of the pre-bundle for "/Users/john/Dev/Personal/azbusiness/app/routes/[$category].[$city].tsx", a page reload is going to ask for it.
  Plugin: vite:import-analysis
  File: /Users/john/Dev/Personal/azbusiness/app/routes/[$category].[$city].tsx
      at throwOutdatedRequest (file:///Users/john/Dev/Personal/azbusiness/node_modules/vite/dist/node/chunks/dep-DBxKXgDP.js:16436:15)
      at TransformPluginContext.transform (file:///Users/john/Dev/Personal/azbusiness/node_modules/vite/dist/node/chunks/dep-DBxKXgDP.js:40431:9)
      at processTicksAndRejections (node:internal/process/task_queues:105:5)
      at EnvironmentPluginContainer.transform (file:///Users/john/Dev/Personal/azbusiness/node_modules/vite/dist/node/chunks/dep-DBxKXgDP.js:42294:18)
      at compileRouteFile (/Users/john/Dev/Personal/azbusiness/node_modules/@react-router/dev/dist/vite.js:2495:21)
      at getRouteModuleExports (/Users/john/Dev/Personal/azbusiness/node_modules/@react-router/dev/dist/vite.js:2502:14)
      at /Users/john/Dev/Personal/azbusiness/node_modules/@react-router/dev/dist/vite.js:2466:27
      at async Promise.all (index 11)
      at getRouteManifestModuleExports (/Users/john/Dev/Personal/azbusiness/node_modules/@react-router/dev/dist/vite.js:2464:17)
      at getReactRouterManifestForDev (/Users/john/Dev/Personal/azbusiness/node_modules/@react-router/dev/dist/vite.js:2874:32)
      at LoadPluginContext.load (/Users/john/Dev/Personal/azbusiness/node_modules/@react-router/dev/dist/vite.js:3613:45)
      at EnvironmentPluginContainer.load (file:///Users/john/Dev/Personal/azbusiness/node_modules/vite/dist/node/chunks/dep-DBxKXgDP.js:42264:22)
      at loadAndTransform (file:///Users/john/Dev/Personal/azbusiness/node_modules/vite/dist/node/chunks/dep-DBxKXgDP.js:35669:22)
      at fetchModule (file:///Users/john/Dev/Personal/azbusiness/node_modules/vite/dist/node/chunks/dep-DBxKXgDP.js:46829:16)
      at handleInvoke (file:///Users/john/Dev/Personal/azbusiness/node_modules/vite/dist/node/chunks/dep-DBxKXgDP.js:38973:22)
      at EventEmitter.listenerForInvokeHandler (file:///Users/john/Dev/Personal/azbusiness/node_modules/vite/dist/node/chunks/dep-DBxKXgDP.js:39046:19)
9:28:33 AM [vite] (client) hmr update /app/app.css
9:28:33 AM [vite] (ssr) page reload app/components/category-city/category-city-page-content.tsx
9:28:33 AM [vite] (ssr) Error when evaluating SSR module virtual:react-router/server-build: There is a new version of the pre-bundle for "/Users/john/Dev/Personal/azbusiness/app/routes/[$category].[$city].tsx", a page reload is going to ask for it.
  Plugin: vite:import-analysis
  File: /Users/john/Dev/Personal/azbusiness/app/routes/[$category].[$city].tsx
      at throwOutdatedRequest (file:///Users/john/Dev/Personal/azbusiness/node_modules/vite/dist/node/chunks/dep-DBxKXgDP.js:16436:15)
      at TransformPluginContext.transform (file:///Users/john/Dev/Personal/azbusiness/node_modules/vite/dist/node/chunks/dep-DBxKXgDP.js:40431:9)
      at processTicksAndRejections (node:internal/process/task_queues:105:5)
      at EnvironmentPluginContainer.transform (file:///Users/john/Dev/Personal/azbusiness/node_modules/vite/dist/node/chunks/dep-DBxKXgDP.js:42294:18)
      at compileRouteFile (/Users/john/Dev/Personal/azbusiness/node_modules/@react-router/dev/dist/vite.js:2495:21)
      at getRouteModuleExports (/Users/john/Dev/Personal/azbusiness/node_modules/@react-router/dev/dist/vite.js:2502:14)
      at /Users/john/Dev/Personal/azbusiness/node_modules/@react-router/dev/dist/vite.js:2466:27
      at async Promise.all (index 11)
      at getRouteManifestModuleExports (/Users/john/Dev/Personal/azbusiness/node_modules/@react-router/dev/dist/vite.js:2464:17)
      at getReactRouterManifestForDev (/Users/john/Dev/Personal/azbusiness/node_modules/@react-router/dev/dist/vite.js:2874:32)
      at LoadPluginContext.load (/Users/john/Dev/Personal/azbusiness/node_modules/@react-router/dev/dist/vite.js:3613:45)
      at EnvironmentPluginContainer.load (file:///Users/john/Dev/Personal/azbusiness/node_modules/vite/dist/node/chunks/dep-DBxKXgDP.js:42264:22)
      at loadAndTransform (file:///Users/john/Dev/Personal/azbusiness/node_modules/vite/dist/node/chunks/dep-DBxKXgDP.js:35669:22)
      at fetchModule (file:///Users/john/Dev/Personal/azbusiness/node_modules/vite/dist/node/chunks/dep-DBxKXgDP.js:46829:16)
      at handleInvoke (file:///Users/john/Dev/Personal/azbusiness/node_modules/vite/dist/node/chunks/dep-DBxKXgDP.js:38973:22)
      at EventEmitter.listenerForInvokeHandler (file:///Users/john/Dev/Personal/azbusiness/node_modules/vite/dist/node/chunks/dep-DBxKXgDP.js:39046:19)
9:28:33 AM [vite] Internal server error: There is a new version of the pre-bundle for "/Users/john/Dev/Personal/azbusiness/app/routes/[$category].[$city].tsx", a page reload is going to ask for it.
  Plugin: vite:import-analysis
  File: /Users/john/Dev/Personal/azbusiness/app/routes/[$category].[$city].tsx
      at throwOutdatedRequest (file:///Users/john/Dev/Personal/azbusiness/node_modules/vite/dist/node/chunks/dep-DBxKXgDP.js:16436:15)
      at TransformPluginContext.transform (file:///Users/john/Dev/Personal/azbusiness/node_modules/vite/dist/node/chunks/dep-DBxKXgDP.js:40431:9)
      at processTicksAndRejections (node:internal/process/task_queues:105:5)
      at EnvironmentPluginContainer.transform (file:///Users/john/Dev/Personal/azbusiness/node_modules/vite/dist/node/chunks/dep-DBxKXgDP.js:42294:18)
      at compileRouteFile (/Users/john/Dev/Personal/azbusiness/node_modules/@react-router/dev/dist/vite.js:2495:21)
      at getRouteModuleExports (/Users/john/Dev/Personal/azbusiness/node_modules/@react-router/dev/dist/vite.js:2502:14)
      at /Users/john/Dev/Personal/azbusiness/node_modules/@react-router/dev/dist/vite.js:2466:27
      at async Promise.all (index 11)
      at getRouteManifestModuleExports (/Users/john/Dev/Personal/azbusiness/node_modules/@react-router/dev/dist/vite.js:2464:17)
      at getReactRouterManifestForDev (/Users/john/Dev/Personal/azbusiness/node_modules/@react-router/dev/dist/vite.js:2874:32)
      at LoadPluginContext.load (/Users/john/Dev/Personal/azbusiness/node_modules/@react-router/dev/dist/vite.js:3613:45)
      at EnvironmentPluginContainer.load (file:///Users/john/Dev/Personal/azbusiness/node_modules/vite/dist/node/chunks/dep-DBxKXgDP.js:42264:22)
      at loadAndTransform (file:///Users/john/Dev/Personal/azbusiness/node_modules/vite/dist/node/chunks/dep-DBxKXgDP.js:35669:22)
      at fetchModule (file:///Users/john/Dev/Personal/azbusiness/node_modules/vite/dist/node/chunks/dep-DBxKXgDP.js:46829:16)
      at handleInvoke (file:///Users/john/Dev/Personal/azbusiness/node_modules/vite/dist/node/chunks/dep-DBxKXgDP.js:38973:22)
      at EventEmitter.listenerForInvokeHandler (file:///Users/john/Dev/Personal/azbusiness/node_modules/vite/dist/node/chunks/dep-DBxKXgDP.js:39046:19)
9:28:33 AM [vite] Internal server error: There is a new version of the pre-bundle for "/Users/john/Dev/Personal/azbusiness/app/routes/[$category].[$city].tsx", a page reload is going to ask for it.
  Plugin: vite:import-analysis
  File: /Users/john/Dev/Personal/azbusiness/app/routes/[$category].[$city].tsx
      at throwOutdatedRequest (file:///Users/john/Dev/Personal/azbusiness/node_modules/vite/dist/node/chunks/dep-DBxKXgDP.js:16436:15)
      at TransformPluginContext.transform (file:///Users/john/Dev/Personal/azbusiness/node_modules/vite/dist/node/chunks/dep-DBxKXgDP.js:40431:9)
      at processTicksAndRejections (node:internal/process/task_queues:105:5)
      at EnvironmentPluginContainer.transform (file:///Users/john/Dev/Personal/azbusiness/node_modules/vite/dist/node/chunks/dep-DBxKXgDP.js:42294:18)
      at compileRouteFile (/Users/john/Dev/Personal/azbusiness/node_modules/@react-router/dev/dist/vite.js:2495:21)
      at getRouteModuleExports (/Users/john/Dev/Personal/azbusiness/node_modules/@react-router/dev/dist/vite.js:2502:14)
      at /Users/john/Dev/Personal/azbusiness/node_modules/@react-router/dev/dist/vite.js:2466:27
      at async Promise.all (index 11)
      at getRouteManifestModuleExports (/Users/john/Dev/Personal/azbusiness/node_modules/@react-router/dev/dist/vite.js:2464:17)
      at getReactRouterManifestForDev (/Users/john/Dev/Personal/azbusiness/node_modules/@react-router/dev/dist/vite.js:2874:32)
      at LoadPluginContext.load (/Users/john/Dev/Personal/azbusiness/node_modules/@react-router/dev/dist/vite.js:3613:45)
      at EnvironmentPluginContainer.load (file:///Users/john/Dev/Personal/azbusiness/node_modules/vite/dist/node/chunks/dep-DBxKXgDP.js:42264:22)
      at loadAndTransform (file:///Users/john/Dev/Personal/azbusiness/node_modules/vite/dist/node/chunks/dep-DBxKXgDP.js:35669:22)
      at fetchModule (file:///Users/john/Dev/Personal/azbusiness/node_modules/vite/dist/node/chunks/dep-DBxKXgDP.js:46829:16)
      at handleInvoke (file:///Users/john/Dev/Personal/azbusiness/node_modules/vite/dist/node/chunks/dep-DBxKXgDP.js:38973:22)
      at EventEmitter.listenerForInvokeHandler (file:///Users/john/Dev/Personal/azbusiness/node_modules/vite/dist/node/chunks/dep-DBxKXgDP.js:39046:19)
9:28:39 AM [vite] (client) hmr update /app/app.css
9:28:39 AM [vite] (ssr) page reload app/routes/[$category].[$city].tsx
9:28:39 AM [vite] (ssr) Error when evaluating SSR module virtual:react-router/server-build: There is a new version of the pre-bundle for "/Users/john/Dev/Personal/azbusiness/app/routes/[$category].[$city].tsx", a page reload is going to ask for it.
  Plugin: vite:import-analysis
  File: /Users/john/Dev/Personal/azbusiness/app/routes/[$category].[$city].tsx
      at throwOutdatedRequest (file:///Users/john/Dev/Personal/azbusiness/node_modules/vite/dist/node/chunks/dep-DBxKXgDP.js:16436:15)
      at TransformPluginContext.transform (file:///Users/john/Dev/Personal/azbusiness/node_modules/vite/dist/node/chunks/dep-DBxKXgDP.js:40431:9)
      at processTicksAndRejections (node:internal/process/task_queues:105:5)
      at EnvironmentPluginContainer.transform (file:///Users/john/Dev/Personal/azbusiness/node_modules/vite/dist/node/chunks/dep-DBxKXgDP.js:42294:18)
      at compileRouteFile (/Users/john/Dev/Personal/azbusiness/node_modules/@react-router/dev/dist/vite.js:2495:21)
      at getRouteModuleExports (/Users/john/Dev/Personal/azbusiness/node_modules/@react-router/dev/dist/vite.js:2502:14)
      at /Users/john/Dev/Personal/azbusiness/node_modules/@react-router/dev/dist/vite.js:2466:27
      at async Promise.all (index 11)
      at getRouteManifestModuleExports (/Users/john/Dev/Personal/azbusiness/node_modules/@react-router/dev/dist/vite.js:2464:17)
      at getReactRouterManifestForDev (/Users/john/Dev/Personal/azbusiness/node_modules/@react-router/dev/dist/vite.js:2874:32)
      at LoadPluginContext.load (/Users/john/Dev/Personal/azbusiness/node_modules/@react-router/dev/dist/vite.js:3613:45)
      at EnvironmentPluginContainer.load (file:///Users/john/Dev/Personal/azbusiness/node_modules/vite/dist/node/chunks/dep-DBxKXgDP.js:42264:22)
      at loadAndTransform (file:///Users/john/Dev/Personal/azbusiness/node_modules/vite/dist/node/chunks/dep-DBxKXgDP.js:35669:22)
      at fetchModule (file:///Users/john/Dev/Personal/azbusiness/node_modules/vite/dist/node/chunks/dep-DBxKXgDP.js:46829:16)
      at handleInvoke (file:///Users/john/Dev/Personal/azbusiness/node_modules/vite/dist/node/chunks/dep-DBxKXgDP.js:38973:22)
      at EventEmitter.listenerForInvokeHandler (file:///Users/john/Dev/Personal/azbusiness/node_modules/vite/dist/node/chunks/dep-DBxKXgDP.js:39046:19)
9:28:39 AM [vite] Internal server error: There is a new version of the pre-bundle for "/Users/john/Dev/Personal/azbusiness/app/routes/[$category].[$city].tsx", a page reload is going to ask for it.
  Plugin: vite:import-analysis
  File: /Users/john/Dev/Personal/azbusiness/app/routes/[$category].[$city].tsx
      at throwOutdatedRequest (file:///Users/john/Dev/Personal/azbusiness/node_modules/vite/dist/node/chunks/dep-DBxKXgDP.js:16436:15)
      at TransformPluginContext.transform (file:///Users/john/Dev/Personal/azbusiness/node_modules/vite/dist/node/chunks/dep-DBxKXgDP.js:40431:9)
      at processTicksAndRejections (node:internal/process/task_queues:105:5)
      at EnvironmentPluginContainer.transform (file:///Users/john/Dev/Personal/azbusiness/node_modules/vite/dist/node/chunks/dep-DBxKXgDP.js:42294:18)
      at compileRouteFile (/Users/john/Dev/Personal/azbusiness/node_modules/@react-router/dev/dist/vite.js:2495:21)
      at getRouteModuleExports (/Users/john/Dev/Personal/azbusiness/node_modules/@react-router/dev/dist/vite.js:2502:14)
      at /Users/john/Dev/Personal/azbusiness/node_modules/@react-router/dev/dist/vite.js:2466:27
      at async Promise.all (index 11)
      at getRouteManifestModuleExports (/Users/john/Dev/Personal/azbusiness/node_modules/@react-router/dev/dist/vite.js:2464:17)
      at getReactRouterManifestForDev (/Users/john/Dev/Personal/azbusiness/node_modules/@react-router/dev/dist/vite.js:2874:32)
      at LoadPluginContext.load (/Users/john/Dev/Personal/azbusiness/node_modules/@react-router/dev/dist/vite.js:3613:45)
      at EnvironmentPluginContainer.load (file:///Users/john/Dev/Personal/azbusiness/node_modules/vite/dist/node/chunks/dep-DBxKXgDP.js:42264:22)
      at loadAndTransform (file:///Users/john/Dev/Personal/azbusiness/node_modules/vite/dist/node/chunks/dep-DBxKXgDP.js:35669:22)
      at fetchModule (file:///Users/john/Dev/Personal/azbusiness/node_modules/vite/dist/node/chunks/dep-DBxKXgDP.js:46829:16)
      at handleInvoke (file:///Users/john/Dev/Personal/azbusiness/node_modules/vite/dist/node/chunks/dep-DBxKXgDP.js:38973:22)
      at EventEmitter.listenerForInvokeHandler (file:///Users/john/Dev/Personal/azbusiness/node_modules/vite/dist/node/chunks/dep-DBxKXgDP.js:39046:19)
9:28:39 AM [vite] Internal server error: There is a new version of the pre-bundle for "/Users/john/Dev/Personal/azbusiness/app/routes/[$category].[$city].tsx", a page reload is going to ask for it.
  Plugin: vite:import-analysis
  File: /Users/john/Dev/Personal/azbusiness/app/routes/[$category].[$city].tsx
      at throwOutdatedRequest (file:///Users/john/Dev/Personal/azbusiness/node_modules/vite/dist/node/chunks/dep-DBxKXgDP.js:16436:15)
      at TransformPluginContext.transform (file:///Users/john/Dev/Personal/azbusiness/node_modules/vite/dist/node/chunks/dep-DBxKXgDP.js:40431:9)
      at processTicksAndRejections (node:internal/process/task_queues:105:5)
      at EnvironmentPluginContainer.transform (file:///Users/john/Dev/Personal/azbusiness/node_modules/vite/dist/node/chunks/dep-DBxKXgDP.js:42294:18)
      at compileRouteFile (/Users/john/Dev/Personal/azbusiness/node_modules/@react-router/dev/dist/vite.js:2495:21)
      at getRouteModuleExports (/Users/john/Dev/Personal/azbusiness/node_modules/@react-router/dev/dist/vite.js:2502:14)
      at /Users/john/Dev/Personal/azbusiness/node_modules/@react-router/dev/dist/vite.js:2466:27
      at async Promise.all (index 11)
      at getRouteManifestModuleExports (/Users/john/Dev/Personal/azbusiness/node_modules/@react-router/dev/dist/vite.js:2464:17)
      at getReactRouterManifestForDev (/Users/john/Dev/Personal/azbusiness/node_modules/@react-router/dev/dist/vite.js:2874:32)
      at LoadPluginContext.load (/Users/john/Dev/Personal/azbusiness/node_modules/@react-router/dev/dist/vite.js:3613:45)
      at EnvironmentPluginContainer.load (file:///Users/john/Dev/Personal/azbusiness/node_modules/vite/dist/node/chunks/dep-DBxKXgDP.js:42264:22)
      at loadAndTransform (file:///Users/john/Dev/Personal/azbusiness/node_modules/vite/dist/node/chunks/dep-DBxKXgDP.js:35669:22)
      at fetchModule (file:///Users/john/Dev/Personal/azbusiness/node_modules/vite/dist/node/chunks/dep-DBxKXgDP.js:46829:16)
      at handleInvoke (file:///Users/john/Dev/Personal/azbusiness/node_modules/vite/dist/node/chunks/dep-DBxKXgDP.js:38973:22)
      at EventEmitter.listenerForInvokeHandler (file:///Users/john/Dev/Personal/azbusiness/node_modules/vite/dist/node/chunks/dep-DBxKXgDP.js:39046:19)
9:28:54 AM [vite] Internal server error: There is a new version of the pre-bundle for "/Users/john/Dev/Personal/azbusiness/app/routes/[$category].[$city].tsx", a page reload is going to ask for it.
  Plugin: vite:import-analysis
  File: /Users/john/Dev/Personal/azbusiness/app/routes/[$category].[$city].tsx
      at throwOutdatedRequest (file:///Users/john/Dev/Personal/azbusiness/node_modules/vite/dist/node/chunks/dep-DBxKXgDP.js:16436:15)
      at TransformPluginContext.transform (file:///Users/john/Dev/Personal/azbusiness/node_modules/vite/dist/node/chunks/dep-DBxKXgDP.js:40431:9)
      at processTicksAndRejections (node:internal/process/task_queues:105:5)
      at EnvironmentPluginContainer.transform (file:///Users/john/Dev/Personal/azbusiness/node_modules/vite/dist/node/chunks/dep-DBxKXgDP.js:42294:18)
      at compileRouteFile (/Users/john/Dev/Personal/azbusiness/node_modules/@react-router/dev/dist/vite.js:2495:21)
      at getRouteModuleExports (/Users/john/Dev/Personal/azbusiness/node_modules/@react-router/dev/dist/vite.js:2502:14)
      at /Users/john/Dev/Personal/azbusiness/node_modules/@react-router/dev/dist/vite.js:2466:27
      at async Promise.all (index 11)
      at getRouteManifestModuleExports (/Users/john/Dev/Personal/azbusiness/node_modules/@react-router/dev/dist/vite.js:2464:17)
      at getReactRouterManifestForDev (/Users/john/Dev/Personal/azbusiness/node_modules/@react-router/dev/dist/vite.js:2874:32)
      at LoadPluginContext.load (/Users/john/Dev/Personal/azbusiness/node_modules/@react-router/dev/dist/vite.js:3613:45)
      at EnvironmentPluginContainer.load (file:///Users/john/Dev/Personal/azbusiness/node_modules/vite/dist/node/chunks/dep-DBxKXgDP.js:42264:22)
      at loadAndTransform (file:///Users/john/Dev/Personal/azbusiness/node_modules/vite/dist/node/chunks/dep-DBxKXgDP.js:35669:22)
      at fetchModule (file:///Users/john/Dev/Personal/azbusiness/node_modules/vite/dist/node/chunks/dep-DBxKXgDP.js:46829:16)
      at handleInvoke (file:///Users/john/Dev/Personal/azbusiness/node_modules/vite/dist/node/chunks/dep-DBxKXgDP.js:38973:22)
      at EventEmitter.listenerForInvokeHandler (file:///Users/john/Dev/Personal/azbusiness/node_modules/vite/dist/node/chunks/dep-DBxKXgDP.js:39046:19)
9:29:15 AM [vite] (client) hmr update /app/app.css
9:29:15 AM [vite] (ssr) page reload app/components/category-city/category-city-page-content.tsx
9:29:15 AM [vite] (ssr) Error when evaluating SSR module virtual:react-router/server-build: There is a new version of the pre-bundle for "/Users/john/Dev/Personal/azbusiness/app/routes/[$category].[$city].tsx", a page reload is going to ask for it.
  Plugin: vite:import-analysis
  File: /Users/john/Dev/Personal/azbusiness/app/routes/[$category].[$city].tsx
      at throwOutdatedRequest (file:///Users/john/Dev/Personal/azbusiness/node_modules/vite/dist/node/chunks/dep-DBxKXgDP.js:16436:15)
      at TransformPluginContext.transform (file:///Users/john/Dev/Personal/azbusiness/node_modules/vite/dist/node/chunks/dep-DBxKXgDP.js:40431:9)
      at processTicksAndRejections (node:internal/process/task_queues:105:5)
      at EnvironmentPluginContainer.transform (file:///Users/john/Dev/Personal/azbusiness/node_modules/vite/dist/node/chunks/dep-DBxKXgDP.js:42294:18)
      at compileRouteFile (/Users/john/Dev/Personal/azbusiness/node_modules/@react-router/dev/dist/vite.js:2495:21)
      at getRouteModuleExports (/Users/john/Dev/Personal/azbusiness/node_modules/@react-router/dev/dist/vite.js:2502:14)
      at /Users/john/Dev/Personal/azbusiness/node_modules/@react-router/dev/dist/vite.js:2466:27
      at async Promise.all (index 11)
      at getRouteManifestModuleExports (/Users/john/Dev/Personal/azbusiness/node_modules/@react-router/dev/dist/vite.js:2464:17)
      at getReactRouterManifestForDev (/Users/john/Dev/Personal/azbusiness/node_modules/@react-router/dev/dist/vite.js:2874:32)
      at LoadPluginContext.load (/Users/john/Dev/Personal/azbusiness/node_modules/@react-router/dev/dist/vite.js:3613:45)
      at EnvironmentPluginContainer.load (file:///Users/john/Dev/Personal/azbusiness/node_modules/vite/dist/node/chunks/dep-DBxKXgDP.js:42264:22)
      at loadAndTransform (file:///Users/john/Dev/Personal/azbusiness/node_modules/vite/dist/node/chunks/dep-DBxKXgDP.js:35669:22)
      at fetchModule (file:///Users/john/Dev/Personal/azbusiness/node_modules/vite/dist/node/chunks/dep-DBxKXgDP.js:46829:16)
      at handleInvoke (file:///Users/john/Dev/Personal/azbusiness/node_modules/vite/dist/node/chunks/dep-DBxKXgDP.js:38973:22)
      at EventEmitter.listenerForInvokeHandler (file:///Users/john/Dev/Personal/azbusiness/node_modules/vite/dist/node/chunks/dep-DBxKXgDP.js:39046:19)
9:29:15 AM [vite] Internal server error: There is a new version of the pre-bundle for "/Users/john/Dev/Personal/azbusiness/app/routes/[$category].[$city].tsx", a page reload is going to ask for it.
  Plugin: vite:import-analysis
  File: /Users/john/Dev/Personal/azbusiness/app/routes/[$category].[$city].tsx
      at throwOutdatedRequest (file:///Users/john/Dev/Personal/azbusiness/node_modules/vite/dist/node/chunks/dep-DBxKXgDP.js:16436:15)
      at TransformPluginContext.transform (file:///Users/john/Dev/Personal/azbusiness/node_modules/vite/dist/node/chunks/dep-DBxKXgDP.js:40431:9)
      at processTicksAndRejections (node:internal/process/task_queues:105:5)
      at EnvironmentPluginContainer.transform (file:///Users/john/Dev/Personal/azbusiness/node_modules/vite/dist/node/chunks/dep-DBxKXgDP.js:42294:18)
      at compileRouteFile (/Users/john/Dev/Personal/azbusiness/node_modules/@react-router/dev/dist/vite.js:2495:21)
      at getRouteModuleExports (/Users/john/Dev/Personal/azbusiness/node_modules/@react-router/dev/dist/vite.js:2502:14)
      at /Users/john/Dev/Personal/azbusiness/node_modules/@react-router/dev/dist/vite.js:2466:27
      at async Promise.all (index 11)
      at getRouteManifestModuleExports (/Users/john/Dev/Personal/azbusiness/node_modules/@react-router/dev/dist/vite.js:2464:17)
      at getReactRouterManifestForDev (/Users/john/Dev/Personal/azbusiness/node_modules/@react-router/dev/dist/vite.js:2874:32)
      at LoadPluginContext.load (/Users/john/Dev/Personal/azbusiness/node_modules/@react-router/dev/dist/vite.js:3613:45)
      at EnvironmentPluginContainer.load (file:///Users/john/Dev/Personal/azbusiness/node_modules/vite/dist/node/chunks/dep-DBxKXgDP.js:42264:22)
      at loadAndTransform (file:///Users/john/Dev/Personal/azbusiness/node_modules/vite/dist/node/chunks/dep-DBxKXgDP.js:35669:22)
      at fetchModule (file:///Users/john/Dev/Personal/azbusiness/node_modules/vite/dist/node/chunks/dep-DBxKXgDP.js:46829:16)
      at handleInvoke (file:///Users/john/Dev/Personal/azbusiness/node_modules/vite/dist/node/chunks/dep-DBxKXgDP.js:38973:22)
      at EventEmitter.listenerForInvokeHandler (file:///Users/john/Dev/Personal/azbusiness/node_modules/vite/dist/node/chunks/dep-DBxKXgDP.js:39046:19)
9:29:15 AM [vite] Internal server error: There is a new version of the pre-bundle for "/Users/john/Dev/Personal/azbusiness/app/routes/[$category].[$city].tsx", a page reload is going to ask for it.
  Plugin: vite:import-analysis
  File: /Users/john/Dev/Personal/azbusiness/app/routes/[$category].[$city].tsx
      at throwOutdatedRequest (file:///Users/john/Dev/Personal/azbusiness/node_modules/vite/dist/node/chunks/dep-DBxKXgDP.js:16436:15)
      at TransformPluginContext.transform (file:///Users/john/Dev/Personal/azbusiness/node_modules/vite/dist/node/chunks/dep-DBxKXgDP.js:40431:9)
      at processTicksAndRejections (node:internal/process/task_queues:105:5)
      at EnvironmentPluginContainer.transform (file:///Users/john/Dev/Personal/azbusiness/node_modules/vite/dist/node/chunks/dep-DBxKXgDP.js:42294:18)
      at compileRouteFile (/Users/john/Dev/Personal/azbusiness/node_modules/@react-router/dev/dist/vite.js:2495:21)
      at getRouteModuleExports (/Users/john/Dev/Personal/azbusiness/node_modules/@react-router/dev/dist/vite.js:2502:14)
      at /Users/john/Dev/Personal/azbusiness/node_modules/@react-router/dev/dist/vite.js:2466:27
      at async Promise.all (index 11)
      at getRouteManifestModuleExports (/Users/john/Dev/Personal/azbusiness/node_modules/@react-router/dev/dist/vite.js:2464:17)
      at getReactRouterManifestForDev (/Users/john/Dev/Personal/azbusiness/node_modules/@react-router/dev/dist/vite.js:2874:32)
      at LoadPluginContext.load (/Users/john/Dev/Personal/azbusiness/node_modules/@react-router/dev/dist/vite.js:3613:45)
      at EnvironmentPluginContainer.load (file:///Users/john/Dev/Personal/azbusiness/node_modules/vite/dist/node/chunks/dep-DBxKXgDP.js:42264:22)
      at loadAndTransform (file:///Users/john/Dev/Personal/azbusiness/node_modules/vite/dist/node/chunks/dep-DBxKXgDP.js:35669:22)
      at fetchModule (file:///Users/john/Dev/Personal/azbusiness/node_modules/vite/dist/node/chunks/dep-DBxKXgDP.js:46829:16)
      at handleInvoke (file:///Users/john/Dev/Personal/azbusiness/node_modules/vite/dist/node/chunks/dep-DBxKXgDP.js:38973:22)
      at EventEmitter.listenerForInvokeHandler (file:///Users/john/Dev/Personal/azbusiness/node_modules/vite/dist/node/chunks/dep-DBxKXgDP.js:39046:19)
9:29:20 AM [vite] (client) hmr update /app/app.css
9:29:20 AM [vite] (ssr) page reload app/components/category-city/category-city-page-content.tsx
9:29:20 AM [vite] (ssr) Error when evaluating SSR module virtual:react-router/server-build: There is a new version of the pre-bundle for "/Users/john/Dev/Personal/azbusiness/app/routes/[$category].[$city].tsx", a page reload is going to ask for it.
  Plugin: vite:import-analysis
  File: /Users/john/Dev/Personal/azbusiness/app/routes/[$category].[$city].tsx
      at throwOutdatedRequest (file:///Users/john/Dev/Personal/azbusiness/node_modules/vite/dist/node/chunks/dep-DBxKXgDP.js:16436:15)
      at TransformPluginContext.transform (file:///Users/john/Dev/Personal/azbusiness/node_modules/vite/dist/node/chunks/dep-DBxKXgDP.js:40431:9)
      at processTicksAndRejections (node:internal/process/task_queues:105:5)
      at EnvironmentPluginContainer.transform (file:///Users/john/Dev/Personal/azbusiness/node_modules/vite/dist/node/chunks/dep-DBxKXgDP.js:42294:18)
      at compileRouteFile (/Users/john/Dev/Personal/azbusiness/node_modules/@react-router/dev/dist/vite.js:2495:21)
      at getRouteModuleExports (/Users/john/Dev/Personal/azbusiness/node_modules/@react-router/dev/dist/vite.js:2502:14)
      at /Users/john/Dev/Personal/azbusiness/node_modules/@react-router/dev/dist/vite.js:2466:27
      at async Promise.all (index 11)
      at getRouteManifestModuleExports (/Users/john/Dev/Personal/azbusiness/node_modules/@react-router/dev/dist/vite.js:2464:17)
      at getReactRouterManifestForDev (/Users/john/Dev/Personal/azbusiness/node_modules/@react-router/dev/dist/vite.js:2874:32)
      at LoadPluginContext.load (/Users/john/Dev/Personal/azbusiness/node_modules/@react-router/dev/dist/vite.js:3613:45)
      at EnvironmentPluginContainer.load (file:///Users/john/Dev/Personal/azbusiness/node_modules/vite/dist/node/chunks/dep-DBxKXgDP.js:42264:22)
      at loadAndTransform (file:///Users/john/Dev/Personal/azbusiness/node_modules/vite/dist/node/chunks/dep-DBxKXgDP.js:35669:22)
      at fetchModule (file:///Users/john/Dev/Personal/azbusiness/node_modules/vite/dist/node/chunks/dep-DBxKXgDP.js:46829:16)
      at handleInvoke (file:///Users/john/Dev/Personal/azbusiness/node_modules/vite/dist/node/chunks/dep-DBxKXgDP.js:38973:22)
      at EventEmitter.listenerForInvokeHandler (file:///Users/john/Dev/Personal/azbusiness/node_modules/vite/dist/node/chunks/dep-DBxKXgDP.js:39046:19)
9:29:20 AM [vite] Internal server error: There is a new version of the pre-bundle for "/Users/john/Dev/Personal/azbusiness/app/routes/[$category].[$city].tsx", a page reload is going to ask for it.
  Plugin: vite:import-analysis
  File: /Users/john/Dev/Personal/azbusiness/app/routes/[$category].[$city].tsx
      at throwOutdatedRequest (file:///Users/john/Dev/Personal/azbusiness/node_modules/vite/dist/node/chunks/dep-DBxKXgDP.js:16436:15)
      at TransformPluginContext.transform (file:///Users/john/Dev/Personal/azbusiness/node_modules/vite/dist/node/chunks/dep-DBxKXgDP.js:40431:9)
      at processTicksAndRejections (node:internal/process/task_queues:105:5)
      at EnvironmentPluginContainer.transform (file:///Users/john/Dev/Personal/azbusiness/node_modules/vite/dist/node/chunks/dep-DBxKXgDP.js:42294:18)
      at compileRouteFile (/Users/john/Dev/Personal/azbusiness/node_modules/@react-router/dev/dist/vite.js:2495:21)
      at getRouteModuleExports (/Users/john/Dev/Personal/azbusiness/node_modules/@react-router/dev/dist/vite.js:2502:14)
      at /Users/john/Dev/Personal/azbusiness/node_modules/@react-router/dev/dist/vite.js:2466:27
      at async Promise.all (index 11)
      at getRouteManifestModuleExports (/Users/john/Dev/Personal/azbusiness/node_modules/@react-router/dev/dist/vite.js:2464:17)
      at getReactRouterManifestForDev (/Users/john/Dev/Personal/azbusiness/node_modules/@react-router/dev/dist/vite.js:2874:32)
      at LoadPluginContext.load (/Users/john/Dev/Personal/azbusiness/node_modules/@react-router/dev/dist/vite.js:3613:45)
      at EnvironmentPluginContainer.load (file:///Users/john/Dev/Personal/azbusiness/node_modules/vite/dist/node/chunks/dep-DBxKXgDP.js:42264:22)
      at loadAndTransform (file:///Users/john/Dev/Personal/azbusiness/node_modules/vite/dist/node/chunks/dep-DBxKXgDP.js:35669:22)
      at fetchModule (file:///Users/john/Dev/Personal/azbusiness/node_modules/vite/dist/node/chunks/dep-DBxKXgDP.js:46829:16)
      at handleInvoke (file:///Users/john/Dev/Personal/azbusiness/node_modules/vite/dist/node/chunks/dep-DBxKXgDP.js:38973:22)
      at EventEmitter.listenerForInvokeHandler (file:///Users/john/Dev/Personal/azbusiness/node_modules/vite/dist/node/chunks/dep-DBxKXgDP.js:39046:19)
9:29:20 AM [vite] Internal server error: There is a new version of the pre-bundle for "/Users/john/Dev/Personal/azbusiness/app/routes/[$category].[$city].tsx", a page reload is going to ask for it.
  Plugin: vite:import-analysis
  File: /Users/john/Dev/Personal/azbusiness/app/routes/[$category].[$city].tsx
      at throwOutdatedRequest (file:///Users/john/Dev/Personal/azbusiness/node_modules/vite/dist/node/chunks/dep-DBxKXgDP.js:16436:15)
      at TransformPluginContext.transform (file:///Users/john/Dev/Personal/azbusiness/node_modules/vite/dist/node/chunks/dep-DBxKXgDP.js:40431:9)
      at processTicksAndRejections (node:internal/process/task_queues:105:5)
      at EnvironmentPluginContainer.transform (file:///Users/john/Dev/Personal/azbusiness/node_modules/vite/dist/node/chunks/dep-DBxKXgDP.js:42294:18)
      at compileRouteFile (/Users/john/Dev/Personal/azbusiness/node_modules/@react-router/dev/dist/vite.js:2495:21)
      at getRouteModuleExports (/Users/john/Dev/Personal/azbusiness/node_modules/@react-router/dev/dist/vite.js:2502:14)
      at /Users/john/Dev/Personal/azbusiness/node_modules/@react-router/dev/dist/vite.js:2466:27
      at async Promise.all (index 11)
      at getRouteManifestModuleExports (/Users/john/Dev/Personal/azbusiness/node_modules/@react-router/dev/dist/vite.js:2464:17)
      at getReactRouterManifestForDev (/Users/john/Dev/Personal/azbusiness/node_modules/@react-router/dev/dist/vite.js:2874:32)
      at LoadPluginContext.load (/Users/john/Dev/Personal/azbusiness/node_modules/@react-router/dev/dist/vite.js:3613:45)
      at EnvironmentPluginContainer.load (file:///Users/john/Dev/Personal/azbusiness/node_modules/vite/dist/node/chunks/dep-DBxKXgDP.js:42264:22)
      at loadAndTransform (file:///Users/john/Dev/Personal/azbusiness/node_modules/vite/dist/node/chunks/dep-DBxKXgDP.js:35669:22)
      at fetchModule (file:///Users/john/Dev/Personal/azbusiness/node_modules/vite/dist/node/chunks/dep-DBxKXgDP.js:46829:16)
      at handleInvoke (file:///Users/john/Dev/Personal/azbusiness/node_modules/vite/dist/node/chunks/dep-DBxKXgDP.js:38973:22)
      at EventEmitter.listenerForInvokeHandler (file:///Users/john/Dev/Personal/azbusiness/node_modules/vite/dist/node/chunks/dep-DBxKXgDP.js:39046:19)
9:30:57 AM [vite] Internal server error: There is a new version of the pre-bundle for "/Users/john/Dev/Personal/azbusiness/app/routes/[$category].[$city].tsx", a page reload is going to ask for it.
  Plugin: vite:import-analysis
  File: /Users/john/Dev/Personal/azbusiness/app/routes/[$category].[$city].tsx
      at throwOutdatedRequest (file:///Users/john/Dev/Personal/azbusiness/node_modules/vite/dist/node/chunks/dep-DBxKXgDP.js:16436:15)
      at TransformPluginContext.transform (file:///Users/john/Dev/Personal/azbusiness/node_modules/vite/dist/node/chunks/dep-DBxKXgDP.js:40431:9)
      at processTicksAndRejections (node:internal/process/task_queues:105:5)
      at EnvironmentPluginContainer.transform (file:///Users/john/Dev/Personal/azbusiness/node_modules/vite/dist/node/chunks/dep-DBxKXgDP.js:42294:18)
      at compileRouteFile (/Users/john/Dev/Personal/azbusiness/node_modules/@react-router/dev/dist/vite.js:2495:21)
      at getRouteModuleExports (/Users/john/Dev/Personal/azbusiness/node_modules/@react-router/dev/dist/vite.js:2502:14)
      at /Users/john/Dev/Personal/azbusiness/node_modules/@react-router/dev/dist/vite.js:2466:27
      at async Promise.all (index 11)
      at getRouteManifestModuleExports (/Users/john/Dev/Personal/azbusiness/node_modules/@react-router/dev/dist/vite.js:2464:17)
      at getReactRouterManifestForDev (/Users/john/Dev/Personal/azbusiness/node_modules/@react-router/dev/dist/vite.js:2874:32)
      at LoadPluginContext.load (/Users/john/Dev/Personal/azbusiness/node_modules/@react-router/dev/dist/vite.js:3613:45)
      at EnvironmentPluginContainer.load (file:///Users/john/Dev/Personal/azbusiness/node_modules/vite/dist/node/chunks/dep-DBxKXgDP.js:42264:22)
      at loadAndTransform (file:///Users/john/Dev/Personal/azbusiness/node_modules/vite/dist/node/chunks/dep-DBxKXgDP.js:35669:22)
      at fetchModule (file:///Users/john/Dev/Personal/azbusiness/node_modules/vite/dist/node/chunks/dep-DBxKXgDP.js:46829:16)
      at handleInvoke (file:///Users/john/Dev/Personal/azbusiness/node_modules/vite/dist/node/chunks/dep-DBxKXgDP.js:38973:22)
      at EventEmitter.listenerForInvokeHandler (file:///Users/john/Dev/Personal/azbusiness/node_modules/vite/dist/node/chunks/dep-DBxKXgDP.js:39046:19)
9:30:57 AM [vite] Internal server error: There is a new version of the pre-bundle for "/Users/john/Dev/Personal/azbusiness/app/routes/[$category].[$city].tsx", a page reload is going to ask for it.
  Plugin: vite:import-analysis
  File: /Users/john/Dev/Personal/azbusiness/app/routes/[$category].[$city].tsx
      at throwOutdatedRequest (file:///Users/john/Dev/Personal/azbusiness/node_modules/vite/dist/node/chunks/dep-DBxKXgDP.js:16436:15)
      at TransformPluginContext.transform (file:///Users/john/Dev/Personal/azbusiness/node_modules/vite/dist/node/chunks/dep-DBxKXgDP.js:40431:9)
      at processTicksAndRejections (node:internal/process/task_queues:105:5)
      at EnvironmentPluginContainer.transform (file:///Users/john/Dev/Personal/azbusiness/node_modules/vite/dist/node/chunks/dep-DBxKXgDP.js:42294:18)
      at compileRouteFile (/Users/john/Dev/Personal/azbusiness/node_modules/@react-router/dev/dist/vite.js:2495:21)
      at getRouteModuleExports (/Users/john/Dev/Personal/azbusiness/node_modules/@react-router/dev/dist/vite.js:2502:14)
      at /Users/john/Dev/Personal/azbusiness/node_modules/@react-router/dev/dist/vite.js:2466:27
      at async Promise.all (index 11)
      at getRouteManifestModuleExports (/Users/john/Dev/Personal/azbusiness/node_modules/@react-router/dev/dist/vite.js:2464:17)
      at getReactRouterManifestForDev (/Users/john/Dev/Personal/azbusiness/node_modules/@react-router/dev/dist/vite.js:2874:32)
      at LoadPluginContext.load (/Users/john/Dev/Personal/azbusiness/node_modules/@react-router/dev/dist/vite.js:3613:45)
      at EnvironmentPluginContainer.load (file:///Users/john/Dev/Personal/azbusiness/node_modules/vite/dist/node/chunks/dep-DBxKXgDP.js:42264:22)
      at loadAndTransform (file:///Users/john/Dev/Personal/azbusiness/node_modules/vite/dist/node/chunks/dep-DBxKXgDP.js:35669:22)
      at fetchModule (file:///Users/john/Dev/Personal/azbusiness/node_modules/vite/dist/node/chunks/dep-DBxKXgDP.js:46829:16)
      at handleInvoke (file:///Users/john/Dev/Personal/azbusiness/node_modules/vite/dist/node/chunks/dep-DBxKXgDP.js:38973:22)
      at EventEmitter.listenerForInvokeHandler (file:///Users/john/Dev/Personal/azbusiness/node_modules/vite/dist/node/chunks/dep-DBxKXgDP.js:39046:19)
9:30:58 AM [vite] Internal server error: There is a new version of the pre-bundle for "/Users/john/Dev/Personal/azbusiness/app/routes/[$category].[$city].tsx", a page reload is going to ask for it.
  Plugin: vite:import-analysis
  File: /Users/john/Dev/Personal/azbusiness/app/routes/[$category].[$city].tsx
      at throwOutdatedRequest (file:///Users/john/Dev/Personal/azbusiness/node_modules/vite/dist/node/chunks/dep-DBxKXgDP.js:16436:15)
      at TransformPluginContext.transform (file:///Users/john/Dev/Personal/azbusiness/node_modules/vite/dist/node/chunks/dep-DBxKXgDP.js:40431:9)
      at processTicksAndRejections (node:internal/process/task_queues:105:5)
      at EnvironmentPluginContainer.transform (file:///Users/john/Dev/Personal/azbusiness/node_modules/vite/dist/node/chunks/dep-DBxKXgDP.js:42294:18)
      at compileRouteFile (/Users/john/Dev/Personal/azbusiness/node_modules/@react-router/dev/dist/vite.js:2495:21)
      at getRouteModuleExports (/Users/john/Dev/Personal/azbusiness/node_modules/@react-router/dev/dist/vite.js:2502:14)
      at /Users/john/Dev/Personal/azbusiness/node_modules/@react-router/dev/dist/vite.js:2466:27
      at async Promise.all (index 11)
      at getRouteManifestModuleExports (/Users/john/Dev/Personal/azbusiness/node_modules/@react-router/dev/dist/vite.js:2464:17)
      at getReactRouterManifestForDev (/Users/john/Dev/Personal/azbusiness/node_modules/@react-router/dev/dist/vite.js:2874:32)
      at LoadPluginContext.load (/Users/john/Dev/Personal/azbusiness/node_modules/@react-router/dev/dist/vite.js:3613:45)
      at EnvironmentPluginContainer.load (file:///Users/john/Dev/Personal/azbusiness/node_modules/vite/dist/node/chunks/dep-DBxKXgDP.js:42264:22)
      at loadAndTransform (file:///Users/john/Dev/Personal/azbusiness/node_modules/vite/dist/node/chunks/dep-DBxKXgDP.js:35669:22)
      at fetchModule (file:///Users/john/Dev/Personal/azbusiness/node_modules/vite/dist/node/chunks/dep-DBxKXgDP.js:46829:16)
      at handleInvoke (file:///Users/john/Dev/Personal/azbusiness/node_modules/vite/dist/node/chunks/dep-DBxKXgDP.js:38973:22)
      at EventEmitter.listenerForInvokeHandler (file:///Users/john/Dev/Personal/azbusiness/node_modules/vite/dist/node/chunks/dep-DBxKXgDP.js:39046:19)
9:30:58 AM [vite] Internal server error: There is a new version of the pre-bundle for "/Users/john/Dev/Personal/azbusiness/app/routes/[$category].[$city].tsx", a page reload is going to ask for it.
  Plugin: vite:import-analysis
  File: /Users/john/Dev/Personal/azbusiness/app/routes/[$category].[$city].tsx
      at throwOutdatedRequest (file:///Users/john/Dev/Personal/azbusiness/node_modules/vite/dist/node/chunks/dep-DBxKXgDP.js:16436:15)
      at TransformPluginContext.transform (file:///Users/john/Dev/Personal/azbusiness/node_modules/vite/dist/node/chunks/dep-DBxKXgDP.js:40431:9)
      at processTicksAndRejections (node:internal/process/task_queues:105:5)
      at EnvironmentPluginContainer.transform (file:///Users/john/Dev/Personal/azbusiness/node_modules/vite/dist/node/chunks/dep-DBxKXgDP.js:42294:18)
      at compileRouteFile (/Users/john/Dev/Personal/azbusiness/node_modules/@react-router/dev/dist/vite.js:2495:21)
      at getRouteModuleExports (/Users/john/Dev/Personal/azbusiness/node_modules/@react-router/dev/dist/vite.js:2502:14)
      at /Users/john/Dev/Personal/azbusiness/node_modules/@react-router/dev/dist/vite.js:2466:27
      at async Promise.all (index 11)
      at getRouteManifestModuleExports (/Users/john/Dev/Personal/azbusiness/node_modules/@react-router/dev/dist/vite.js:2464:17)
      at getReactRouterManifestForDev (/Users/john/Dev/Personal/azbusiness/node_modules/@react-router/dev/dist/vite.js:2874:32)
      at LoadPluginContext.load (/Users/john/Dev/Personal/azbusiness/node_modules/@react-router/dev/dist/vite.js:3613:45)
      at EnvironmentPluginContainer.load (file:///Users/john/Dev/Personal/azbusiness/node_modules/vite/dist/node/chunks/dep-DBxKXgDP.js:42264:22)
      at loadAndTransform (file:///Users/john/Dev/Personal/azbusiness/node_modules/vite/dist/node/chunks/dep-DBxKXgDP.js:35669:22)
      at fetchModule (file:///Users/john/Dev/Personal/azbusiness/node_modules/vite/dist/node/chunks/dep-DBxKXgDP.js:46829:16)
      at handleInvoke (file:///Users/john/Dev/Personal/azbusiness/node_modules/vite/dist/node/chunks/dep-DBxKXgDP.js:38973:22)
      at EventEmitter.listenerForInvokeHandler (file:///Users/john/Dev/Personal/azbusiness/node_modules/vite/dist/node/chunks/dep-DBxKXgDP.js:39046:19)
